2026-01-02 14:04:04.053 [INFO] SkipList Multi-threaded Stress Test V1
2026-01-02 14:04:04.053 [INFO] ====================================
2026-01-02 14:04:04.053 [INFO] Keys to insert: 100000000
2026-01-02 14:04:04.053 [INFO] Threads: 12
2026-01-02 14:04:04.053 [INFO] Key size: 16 bytes
2026-01-02 14:04:04.053 [INFO] Value size: 100 bytes
2026-01-02 14:04:04.053 [INFO] 
2026-01-02 14:04:04.053 [INFO] Inserting keys...
2026-01-02 14:04:05.053 [INFO]   5M keys, 4900K ops/sec, memory: 873 MB
2026-01-02 14:04:06.053 [INFO]   10M keys, 4636K ops/sec, memory: 1699 MB
2026-01-02 14:04:07.053 [INFO]   14M keys, 4592K ops/sec, memory: 2516 MB
2026-01-02 14:04:08.054 [INFO]   19M keys, 4534K ops/sec, memory: 3324 MB
2026-01-02 14:04:09.054 [INFO]   23M keys, 4496K ops/sec, memory: 4124 MB
2026-01-02 14:04:10.054 [INFO]   28M keys, 4427K ops/sec, memory: 4912 MB
2026-01-02 14:04:11.054 [INFO]   32M keys, 4272K ops/sec, memory: 5673 MB
2026-01-02 14:04:12.054 [INFO]   36M keys, 4312K ops/sec, memory: 6440 MB
2026-01-02 14:04:13.054 [INFO]   41M keys, 4390K ops/sec, memory: 7222 MB
2026-01-02 14:04:14.055 [INFO]   45M keys, 4375K ops/sec, memory: 8001 MB
2026-01-02 14:04:15.055 [INFO]   49M keys, 4348K ops/sec, memory: 8775 MB
2026-01-02 14:04:16.055 [INFO]   54M keys, 4403K ops/sec, memory: 9559 MB
2026-01-02 14:04:17.055 [INFO]   58M keys, 4361K ops/sec, memory: 10335 MB
2026-01-02 14:04:18.055 [INFO]   62M keys, 4255K ops/sec, memory: 11093 MB
2026-01-02 14:04:19.055 [INFO]   67M keys, 4261K ops/sec, memory: 11851 MB
2026-01-02 14:04:20.056 [INFO]   71M keys, 4198K ops/sec, memory: 12598 MB
2026-01-02 14:04:21.056 [INFO]   75M keys, 4256K ops/sec, memory: 13356 MB
2026-01-02 14:04:22.056 [INFO]   79M keys, 4292K ops/sec, memory: 14120 MB
2026-01-02 14:04:23.056 [INFO]   83M keys, 4145K ops/sec, memory: 14858 MB
2026-01-02 14:04:24.056 [INFO]   88M keys, 4098K ops/sec, memory: 15588 MB
2026-01-02 14:04:25.056 [INFO]   92M keys, 3972K ops/sec, memory: 16295 MB
2026-01-02 14:04:26.056 [INFO]   95M keys, 3467K ops/sec, memory: 16912 MB
2026-01-02 14:04:27.056 [INFO]   98M keys, 2613K ops/sec, memory: 17378 MB
2026-01-02 14:04:28.057 [INFO]   99M keys, 1622K ops/sec, memory: 17666 MB
2026-01-02 14:04:29.057 [INFO]   100M keys, 672K ops/sec, memory: 17786 MB
2026-01-02 14:04:30.057 [INFO]   100M keys, 84K ops/sec, memory: 17801 MB
2026-01-02 14:04:30.057 [INFO] 
2026-01-02 14:04:30.057 [INFO] === Results ===
2026-01-02 14:04:30.057 [INFO] Total keys inserted: 100000000
2026-01-02 14:04:30.057 [INFO] Threads: 12
2026-01-02 14:04:30.057 [INFO] Total time: 25.25 seconds
2026-01-02 14:04:30.057 [INFO] Throughput: 3959960 inserts/sec
2026-01-02 14:04:30.057 [INFO] Throughput: 3.96 M inserts/sec
2026-01-02 14:04:30.057 [INFO] Arena memory: 17801.12 MB
2026-01-02 14:04:30.057 [INFO] Bytes per entry: 186.658
2026-01-02 14:04:30.057 [INFO] 
2026-01-02 14:04:30.057 [INFO] === Verification ===
2026-01-02 14:04:30.057 [INFO] Key 0: found (value size=100)
2026-01-02 14:04:30.057 [INFO] Key 50000000: found (value size=100)
2026-01-02 14:04:30.057 [INFO] Key 99999999: found (value size=100)
