2026-01-02 14:06:46.132 [INFO] SkipList Multi-threaded Stress Test V1
2026-01-02 14:06:46.132 [INFO] ====================================
2026-01-02 14:06:46.132 [INFO] Keys to insert: 100000000
2026-01-02 14:06:46.132 [INFO] Threads: 12
2026-01-02 14:06:46.132 [INFO] Key size: 16 bytes
2026-01-02 14:06:46.132 [INFO] Value size: 100 bytes
2026-01-02 14:06:46.132 [INFO] 
2026-01-02 14:06:46.133 [INFO] Inserting keys...
2026-01-02 14:06:47.133 [INFO]   5M keys, 4738K ops/sec, memory: 844 MB
2026-01-02 14:06:48.133 [INFO]   9M keys, 4714K ops/sec, memory: 1684 MB
2026-01-02 14:06:49.133 [INFO]   14M keys, 4667K ops/sec, memory: 2514 MB
2026-01-02 14:06:50.133 [INFO]   19M keys, 4684K ops/sec, memory: 3348 MB
2026-01-02 14:06:51.134 [INFO]   23M keys, 4650K ops/sec, memory: 4176 MB
2026-01-02 14:06:52.134 [INFO]   28M keys, 4650K ops/sec, memory: 5004 MB
2026-01-02 14:06:53.134 [INFO]   33M keys, 4501K ops/sec, memory: 5805 MB
2026-01-02 14:06:54.134 [INFO]   37M keys, 4378K ops/sec, memory: 6585 MB
2026-01-02 14:06:55.134 [INFO]   41M keys, 4420K ops/sec, memory: 7372 MB
2026-01-02 14:06:56.134 [INFO]   46M keys, 4496K ops/sec, memory: 8172 MB
2026-01-02 14:06:57.135 [INFO]   50M keys, 4519K ops/sec, memory: 8977 MB
2026-01-02 14:06:58.135 [INFO]   55M keys, 4449K ops/sec, memory: 9769 MB
2026-01-02 14:06:59.135 [INFO]   59M keys, 4386K ops/sec, memory: 10550 MB
2026-01-02 14:07:00.135 [INFO]   64M keys, 4373K ops/sec, memory: 11329 MB
2026-01-02 14:07:01.135 [INFO]   68M keys, 4384K ops/sec, memory: 12109 MB
2026-01-02 14:07:02.135 [INFO]   72M keys, 4334K ops/sec, memory: 12880 MB
2026-01-02 14:07:03.136 [INFO]   77M keys, 4357K ops/sec, memory: 13656 MB
2026-01-02 14:07:04.136 [INFO]   81M keys, 4321K ops/sec, memory: 14426 MB
2026-01-02 14:07:05.136 [INFO]   85M keys, 4344K ops/sec, memory: 15199 MB
2026-01-02 14:07:06.136 [INFO]   90M keys, 4302K ops/sec, memory: 15965 MB
2026-01-02 14:07:07.136 [INFO]   94M keys, 4250K ops/sec, memory: 16722 MB
2026-01-02 14:07:08.136 [INFO]   97M keys, 3288K ops/sec, memory: 17307 MB
2026-01-02 14:07:09.137 [INFO]   99M keys, 1907K ops/sec, memory: 17647 MB
2026-01-02 14:07:10.137 [INFO]   100M keys, 415K ops/sec, memory: 17721 MB
2026-01-02 14:07:11.137 [INFO]   100M keys, 331K ops/sec, memory: 17780 MB
2026-01-02 14:07:12.137 [INFO]   100M keys, 123K ops/sec, memory: 17802 MB
2026-01-02 14:07:12.137 [INFO] 
2026-01-02 14:07:12.137 [INFO] === Results ===
2026-01-02 14:07:12.137 [INFO] Total keys inserted: 100000000
2026-01-02 14:07:12.137 [INFO] Threads: 12
2026-01-02 14:07:12.137 [INFO] Total time: 25.39 seconds
2026-01-02 14:07:12.137 [INFO] Throughput: 3937788 inserts/sec
2026-01-02 14:07:12.137 [INFO] Throughput: 3.94 M inserts/sec
2026-01-02 14:07:12.137 [INFO] Arena memory: 17801.62 MB
2026-01-02 14:07:12.137 [INFO] Bytes per entry: 186.664
2026-01-02 14:07:12.137 [INFO] 
2026-01-02 14:07:12.137 [INFO] === Verification ===
2026-01-02 14:07:12.137 [INFO] Key 0: found (value size=100)
2026-01-02 14:07:12.137 [INFO] Key 50000000: found (value size=100)
2026-01-02 14:07:12.137 [INFO] Key 99999999: found (value size=100)
