2026-01-02 03:10:25.401 [INFO] SkipList Multi-threaded Stress Test V1
2026-01-02 03:10:25.401 [INFO] ====================================
2026-01-02 03:10:25.401 [INFO] Keys to insert: 100000000
2026-01-02 03:10:25.401 [INFO] Threads: 12
2026-01-02 03:10:25.401 [INFO] Key size: 16 bytes
2026-01-02 03:10:25.401 [INFO] Value size: 100 bytes
2026-01-02 03:10:25.401 [INFO] 
2026-01-02 03:10:25.401 [INFO] Inserting keys...
2026-01-02 03:10:26.401 [INFO]   1M keys, 929K ops/sec, memory: 165 MB
2026-01-02 03:10:27.401 [INFO]   2M keys, 921K ops/sec, memory: 328 MB
2026-01-02 03:10:28.401 [INFO]   3M keys, 920K ops/sec, memory: 491 MB
2026-01-02 03:10:29.401 [INFO]   4M keys, 923K ops/sec, memory: 655 MB
2026-01-02 03:10:30.401 [INFO]   5M keys, 918K ops/sec, memory: 817 MB
2026-01-02 03:10:31.402 [INFO]   6M keys, 933K ops/sec, memory: 983 MB
2026-01-02 03:10:32.402 [INFO]   6M keys, 930K ops/sec, memory: 1148 MB
2026-01-02 03:10:33.402 [INFO]   7M keys, 932K ops/sec, memory: 1313 MB
2026-01-02 03:10:34.402 [INFO]   8M keys, 919K ops/sec, memory: 1476 MB
2026-01-02 03:10:35.402 [INFO]   9M keys, 929K ops/sec, memory: 1640 MB
2026-01-02 03:10:36.402 [INFO]   10M keys, 933K ops/sec, memory: 1806 MB
2026-01-02 03:10:37.402 [INFO]   11M keys, 929K ops/sec, memory: 1971 MB
2026-01-02 03:10:38.402 [INFO]   12M keys, 932K ops/sec, memory: 2136 MB
2026-01-02 03:10:39.403 [INFO]   13M keys, 931K ops/sec, memory: 2301 MB
2026-01-02 03:10:40.403 [INFO]   14M keys, 931K ops/sec, memory: 2466 MB
2026-01-02 03:10:41.403 [INFO]   15M keys, 932K ops/sec, memory: 2631 MB
2026-01-02 03:10:42.403 [INFO]   16M keys, 903K ops/sec, memory: 2791 MB
2026-01-02 03:10:43.403 [INFO]   17M keys, 932K ops/sec, memory: 2956 MB
2026-01-02 03:10:44.403 [INFO]   18M keys, 930K ops/sec, memory: 3121 MB
2026-01-02 03:10:45.403 [INFO]   19M keys, 933K ops/sec, memory: 3287 MB
2026-01-02 03:10:46.403 [INFO]   19M keys, 934K ops/sec, memory: 3452 MB
2026-01-02 03:10:47.404 [INFO]   20M keys, 932K ops/sec, memory: 3617 MB
2026-01-02 03:10:48.404 [INFO]   21M keys, 930K ops/sec, memory: 3782 MB
2026-01-02 03:10:49.404 [INFO]   22M keys, 924K ops/sec, memory: 3946 MB
2026-01-02 03:10:50.404 [INFO]   23M keys, 920K ops/sec, memory: 4109 MB
2026-01-02 03:10:51.404 [INFO]   24M keys, 919K ops/sec, memory: 4272 MB
2026-01-02 03:10:52.404 [INFO]   25M keys, 919K ops/sec, memory: 4435 MB
2026-01-02 03:10:53.404 [INFO]   26M keys, 920K ops/sec, memory: 4598 MB
2026-01-02 03:10:54.404 [INFO]   27M keys, 932K ops/sec, memory: 4763 MB
2026-01-02 03:10:55.405 [INFO]   28M keys, 930K ops/sec, memory: 4928 MB
2026-01-02 03:10:56.405 [INFO]   29M keys, 932K ops/sec, memory: 5093 MB
2026-01-02 03:10:57.405 [INFO]   30M keys, 933K ops/sec, memory: 5259 MB
2026-01-02 03:10:58.405 [INFO]   31M keys, 929K ops/sec, memory: 5423 MB
2026-01-02 03:10:59.405 [INFO]   31M keys, 867K ops/sec, memory: 5577 MB
2026-01-02 03:11:00.405 [INFO]   32M keys, 924K ops/sec, memory: 5741 MB
2026-01-02 03:11:01.405 [INFO]   33M keys, 920K ops/sec, memory: 5904 MB
2026-01-02 03:11:02.405 [INFO]   34M keys, 920K ops/sec, memory: 6067 MB
2026-01-02 03:11:03.406 [INFO]   35M keys, 926K ops/sec, memory: 6231 MB
2026-01-02 03:11:04.406 [INFO]   36M keys, 931K ops/sec, memory: 6396 MB
2026-01-02 03:11:05.406 [INFO]   37M keys, 933K ops/sec, memory: 6562 MB
2026-01-02 03:11:06.406 [INFO]   38M keys, 932K ops/sec, memory: 6727 MB
2026-01-02 03:11:07.406 [INFO]   39M keys, 930K ops/sec, memory: 6892 MB
2026-01-02 03:11:08.406 [INFO]   40M keys, 919K ops/sec, memory: 7055 MB
2026-01-02 03:11:09.406 [INFO]   41M keys, 921K ops/sec, memory: 7218 MB
2026-01-02 03:11:10.406 [INFO]   42M keys, 920K ops/sec, memory: 7381 MB
2026-01-02 03:11:11.407 [INFO]   43M keys, 921K ops/sec, memory: 7544 MB
2026-01-02 03:11:12.407 [INFO]   43M keys, 931K ops/sec, memory: 7709 MB
2026-01-02 03:11:13.407 [INFO]   44M keys, 920K ops/sec, memory: 7872 MB
2026-01-02 03:11:14.407 [INFO]   45M keys, 925K ops/sec, memory: 8036 MB
2026-01-02 03:11:15.407 [INFO]   46M keys, 921K ops/sec, memory: 8199 MB
2026-01-02 03:11:16.407 [INFO]   47M keys, 922K ops/sec, memory: 8363 MB
2026-01-02 03:11:17.407 [INFO]   48M keys, 933K ops/sec, memory: 8528 MB
2026-01-02 03:11:18.407 [INFO]   49M keys, 935K ops/sec, memory: 8694 MB
2026-01-02 03:11:19.408 [INFO]   50M keys, 934K ops/sec, memory: 8860 MB
2026-01-02 03:11:20.408 [INFO]   51M keys, 934K ops/sec, memory: 9025 MB
2026-01-02 03:11:21.408 [INFO]   52M keys, 933K ops/sec, memory: 9191 MB
2026-01-02 03:11:22.408 [INFO]   53M keys, 936K ops/sec, memory: 9357 MB
2026-01-02 03:11:23.408 [INFO]   54M keys, 935K ops/sec, memory: 9522 MB
2026-01-02 03:11:24.408 [INFO]   55M keys, 933K ops/sec, memory: 9688 MB
2026-01-02 03:11:25.408 [INFO]   56M keys, 935K ops/sec, memory: 9854 MB
2026-01-02 03:11:26.408 [INFO]   57M keys, 928K ops/sec, memory: 10018 MB
2026-01-02 03:11:27.409 [INFO]   57M keys, 936K ops/sec, memory: 10184 MB
2026-01-02 03:11:28.409 [INFO]   58M keys, 937K ops/sec, memory: 10350 MB
2026-01-02 03:11:29.409 [INFO]   59M keys, 940K ops/sec, memory: 10517 MB
2026-01-02 03:11:30.409 [INFO]   60M keys, 926K ops/sec, memory: 10681 MB
2026-01-02 03:11:31.409 [INFO]   61M keys, 930K ops/sec, memory: 10846 MB
2026-01-02 03:11:32.409 [INFO]   62M keys, 814K ops/sec, memory: 10990 MB
2026-01-02 03:11:33.409 [INFO]   63M keys, 923K ops/sec, memory: 11154 MB
2026-01-02 03:11:34.409 [INFO]   64M keys, 927K ops/sec, memory: 11318 MB
2026-01-02 03:11:35.410 [INFO]   65M keys, 934K ops/sec, memory: 11484 MB
2026-01-02 03:11:36.410 [INFO]   66M keys, 934K ops/sec, memory: 11649 MB
2026-01-02 03:11:37.410 [INFO]   67M keys, 935K ops/sec, memory: 11815 MB
2026-01-02 03:11:38.410 [INFO]   68M keys, 939K ops/sec, memory: 11981 MB
2026-01-02 03:11:39.410 [INFO]   69M keys, 938K ops/sec, memory: 12148 MB
2026-01-02 03:11:40.410 [INFO]   69M keys, 929K ops/sec, memory: 12312 MB
2026-01-02 03:11:41.410 [INFO]   70M keys, 936K ops/sec, memory: 12478 MB
2026-01-02 03:11:42.410 [INFO]   71M keys, 940K ops/sec, memory: 12645 MB
2026-01-02 03:11:43.411 [INFO]   72M keys, 937K ops/sec, memory: 12811 MB
2026-01-02 03:11:44.411 [INFO]   73M keys, 927K ops/sec, memory: 12975 MB
2026-01-02 03:11:45.411 [INFO]   74M keys, 933K ops/sec, memory: 13141 MB
2026-01-02 03:11:46.411 [INFO]   75M keys, 927K ops/sec, memory: 13305 MB
2026-01-02 03:11:47.411 [INFO]   76M keys, 925K ops/sec, memory: 13469 MB
2026-01-02 03:11:48.411 [INFO]   77M keys, 926K ops/sec, memory: 13633 MB
2026-01-02 03:11:49.411 [INFO]   78M keys, 935K ops/sec, memory: 13799 MB
2026-01-02 03:11:50.411 [INFO]   79M keys, 937K ops/sec, memory: 13965 MB
2026-01-02 03:11:51.412 [INFO]   80M keys, 937K ops/sec, memory: 14131 MB
2026-01-02 03:11:52.412 [INFO]   81M keys, 934K ops/sec, memory: 14297 MB
2026-01-02 03:11:53.412 [INFO]   82M keys, 930K ops/sec, memory: 14462 MB
2026-01-02 03:11:54.412 [INFO]   83M keys, 929K ops/sec, memory: 14626 MB
2026-01-02 03:11:55.412 [INFO]   83M keys, 924K ops/sec, memory: 14790 MB
2026-01-02 03:11:56.412 [INFO]   84M keys, 925K ops/sec, memory: 14954 MB
2026-01-02 03:11:57.412 [INFO]   85M keys, 925K ops/sec, memory: 15118 MB
2026-01-02 03:11:58.412 [INFO]   86M keys, 939K ops/sec, memory: 15285 MB
2026-01-02 03:11:59.413 [INFO]   87M keys, 932K ops/sec, memory: 15450 MB
2026-01-02 03:12:00.413 [INFO]   88M keys, 927K ops/sec, memory: 15614 MB
2026-01-02 03:12:01.413 [INFO]   89M keys, 922K ops/sec, memory: 15778 MB
2026-01-02 03:12:02.413 [INFO]   90M keys, 924K ops/sec, memory: 15941 MB
2026-01-02 03:12:03.413 [INFO]   91M keys, 931K ops/sec, memory: 16106 MB
2026-01-02 03:12:04.413 [INFO]   92M keys, 925K ops/sec, memory: 16270 MB
2026-01-02 03:12:05.413 [INFO]   93M keys, 934K ops/sec, memory: 16436 MB
2026-01-02 03:12:06.413 [INFO]   94M keys, 939K ops/sec, memory: 16603 MB
2026-01-02 03:12:07.414 [INFO]   95M keys, 937K ops/sec, memory: 16769 MB
2026-01-02 03:12:08.414 [INFO]   96M keys, 931K ops/sec, memory: 16934 MB
2026-01-02 03:12:09.414 [INFO]   96M keys, 929K ops/sec, memory: 17098 MB
2026-01-02 03:12:10.414 [INFO]   97M keys, 922K ops/sec, memory: 17262 MB
2026-01-02 03:12:11.414 [INFO]   98M keys, 923K ops/sec, memory: 17425 MB
2026-01-02 03:12:12.414 [INFO]   99M keys, 924K ops/sec, memory: 17589 MB
2026-01-02 03:12:13.414 [INFO]   100M keys, 767K ops/sec, memory: 17726 MB
2026-01-02 03:12:13.414 [INFO] 
2026-01-02 03:12:13.414 [INFO] === Results ===
2026-01-02 03:12:13.414 [INFO] Total keys inserted: 100000000
2026-01-02 03:12:13.414 [INFO] Threads: 12
2026-01-02 03:12:13.414 [INFO] Total time: 108.00 seconds
2026-01-02 03:12:13.414 [INFO] Throughput: 925904 inserts/sec
2026-01-02 03:12:13.415 [INFO] Throughput: 0.93 M inserts/sec
2026-01-02 03:12:13.415 [INFO] Arena memory: 17725.61 MB
2026-01-02 03:12:13.415 [INFO] Bytes per entry: 185.866
2026-01-02 03:12:13.415 [INFO] 
2026-01-02 03:12:13.415 [INFO] === Verification ===
2026-01-02 03:12:13.415 [INFO] Key 0: found (value size=100)
2026-01-02 03:12:13.415 [INFO] Key 50000000: found (value size=100)
2026-01-02 03:12:13.415 [INFO] Key 99999999: found (value size=100)
