2026-01-01 12:54:45.743 [INFO] SkipList Stress Test
2026-01-01 12:54:45.743 [INFO] ====================
2026-01-01 12:54:45.743 [INFO] Keys to insert: 100000000
2026-01-01 12:54:45.743 [INFO] Key size: 16 bytes
2026-01-01 12:54:45.743 [INFO] Value size: 100 bytes
2026-01-01 12:54:45.743 [INFO] 
2026-01-01 12:54:45.743 [INFO] Inserting keys...
2026-01-01 12:54:47.235 [INFO]   1M keys, 670K ops/sec, memory: 178 MB
2026-01-01 12:54:48.880 [INFO]   2M keys, 637K ops/sec, memory: 357 MB
2026-01-01 12:54:50.501 [INFO]   3M keys, 630K ops/sec, memory: 536 MB
2026-01-01 12:54:52.081 [INFO]   4M keys, 631K ops/sec, memory: 714 MB
2026-01-01 12:54:53.751 [INFO]   5M keys, 624K ops/sec, memory: 893 MB
2026-01-01 12:54:55.460 [INFO]   6M keys, 617K ops/sec, memory: 1072 MB
2026-01-01 12:54:57.270 [INFO]   7M keys, 607K ops/sec, memory: 1251 MB
2026-01-01 12:54:59.136 [INFO]   8M keys, 597K ops/sec, memory: 1429 MB
2026-01-01 12:55:00.886 [INFO]   9M keys, 594K ops/sec, memory: 1608 MB
2026-01-01 12:55:02.697 [INFO]   10M keys, 589K ops/sec, memory: 1787 MB
2026-01-01 12:55:04.613 [INFO]   11M keys, 582K ops/sec, memory: 1966 MB
2026-01-01 12:55:06.607 [INFO]   12M keys, 575K ops/sec, memory: 2144 MB
2026-01-01 12:55:08.379 [INFO]   13M keys, 574K ops/sec, memory: 2323 MB
2026-01-01 12:55:10.275 [INFO]   14M keys, 570K ops/sec, memory: 2502 MB
2026-01-01 12:55:12.251 [INFO]   15M keys, 565K ops/sec, memory: 2681 MB
2026-01-01 12:55:13.977 [INFO]   16M keys, 566K ops/sec, memory: 2859 MB
2026-01-01 12:55:15.737 [INFO]   17M keys, 566K ops/sec, memory: 3038 MB
2026-01-01 12:55:17.587 [INFO]   18M keys, 565K ops/sec, memory: 3217 MB
2026-01-01 12:55:19.498 [INFO]   19M keys, 562K ops/sec, memory: 3396 MB
2026-01-01 12:55:21.382 [INFO]   20M keys, 561K ops/sec, memory: 3574 MB
2026-01-01 12:55:23.196 [INFO]   21M keys, 560K ops/sec, memory: 3753 MB
2026-01-01 12:55:25.221 [INFO]   22M keys, 557K ops/sec, memory: 3932 MB
2026-01-01 12:55:27.188 [INFO]   23M keys, 554K ops/sec, memory: 4111 MB
2026-01-01 12:55:29.139 [INFO]   24M keys, 553K ops/sec, memory: 4289 MB
2026-01-01 12:55:31.009 [INFO]   25M keys, 552K ops/sec, memory: 4468 MB
2026-01-01 12:55:32.939 [INFO]   26M keys, 550K ops/sec, memory: 4647 MB
2026-01-01 12:55:34.875 [INFO]   27M keys, 549K ops/sec, memory: 4826 MB
2026-01-01 12:55:36.825 [INFO]   28M keys, 548K ops/sec, memory: 5004 MB
2026-01-01 12:55:38.819 [INFO]   29M keys, 546K ops/sec, memory: 5183 MB
2026-01-01 12:55:40.804 [INFO]   30M keys, 544K ops/sec, memory: 5362 MB
2026-01-01 12:55:42.993 [INFO]   31M keys, 541K ops/sec, memory: 5541 MB
2026-01-01 12:55:45.051 [INFO]   32M keys, 539K ops/sec, memory: 5719 MB
2026-01-01 12:55:47.128 [INFO]   33M keys, 537K ops/sec, memory: 5898 MB
2026-01-01 12:55:49.232 [INFO]   34M keys, 535K ops/sec, memory: 6077 MB
2026-01-01 12:55:51.407 [INFO]   35M keys, 533K ops/sec, memory: 6255 MB
2026-01-01 12:55:53.737 [INFO]   36M keys, 529K ops/sec, memory: 6434 MB
2026-01-01 12:55:55.706 [INFO]   37M keys, 528K ops/sec, memory: 6613 MB
2026-01-01 12:55:57.742 [INFO]   38M keys, 527K ops/sec, memory: 6792 MB
2026-01-01 12:55:59.650 [INFO]   39M keys, 527K ops/sec, memory: 6970 MB
2026-01-01 12:56:01.611 [INFO]   40M keys, 527K ops/sec, memory: 7149 MB
2026-01-01 12:56:03.658 [INFO]   41M keys, 526K ops/sec, memory: 7328 MB
2026-01-01 12:56:05.661 [INFO]   42M keys, 525K ops/sec, memory: 7507 MB
2026-01-01 12:56:07.686 [INFO]   43M keys, 524K ops/sec, memory: 7685 MB
2026-01-01 12:56:09.861 [INFO]   44M keys, 523K ops/sec, memory: 7864 MB
2026-01-01 12:56:11.959 [INFO]   45M keys, 521K ops/sec, memory: 8043 MB
2026-01-01 12:56:14.032 [INFO]   46M keys, 521K ops/sec, memory: 8222 MB
2026-01-01 12:56:16.229 [INFO]   47M keys, 519K ops/sec, memory: 8400 MB
2026-01-01 12:56:18.444 [INFO]   48M keys, 517K ops/sec, memory: 8579 MB
2026-01-01 12:56:20.527 [INFO]   49M keys, 516K ops/sec, memory: 8758 MB
2026-01-01 12:56:22.675 [INFO]   50M keys, 515K ops/sec, memory: 8937 MB
2026-01-01 12:56:24.851 [INFO]   51M keys, 514K ops/sec, memory: 9115 MB
2026-01-01 12:56:26.998 [INFO]   52M keys, 513K ops/sec, memory: 9294 MB
2026-01-01 12:56:29.349 [INFO]   53M keys, 511K ops/sec, memory: 9473 MB
2026-01-01 12:56:31.568 [INFO]   54M keys, 510K ops/sec, memory: 9652 MB
2026-01-01 12:56:33.818 [INFO]   55M keys, 508K ops/sec, memory: 9830 MB
2026-01-01 12:56:35.968 [INFO]   56M keys, 508K ops/sec, memory: 10009 MB
2026-01-01 12:56:38.198 [INFO]   57M keys, 506K ops/sec, memory: 10188 MB
2026-01-01 12:56:40.448 [INFO]   58M keys, 505K ops/sec, memory: 10367 MB
2026-01-01 12:56:42.734 [INFO]   59M keys, 504K ops/sec, memory: 10545 MB
2026-01-01 12:56:45.118 [INFO]   60M keys, 502K ops/sec, memory: 10724 MB
2026-01-01 12:56:47.724 [INFO]   61M keys, 500K ops/sec, memory: 10903 MB
2026-01-01 12:56:49.878 [INFO]   62M keys, 499K ops/sec, memory: 11082 MB
2026-01-01 12:56:52.065 [INFO]   63M keys, 498K ops/sec, memory: 11260 MB
2026-01-01 12:56:54.336 [INFO]   64M keys, 497K ops/sec, memory: 11439 MB
2026-01-01 12:56:56.617 [INFO]   65M keys, 496K ops/sec, memory: 11618 MB
2026-01-01 12:56:58.922 [INFO]   66M keys, 495K ops/sec, memory: 11797 MB
2026-01-01 12:57:01.244 [INFO]   67M keys, 494K ops/sec, memory: 11975 MB
2026-01-01 12:57:03.494 [INFO]   68M keys, 493K ops/sec, memory: 12154 MB
2026-01-01 12:57:05.843 [INFO]   69M keys, 492K ops/sec, memory: 12333 MB
2026-01-01 12:57:08.084 [INFO]   70M keys, 491K ops/sec, memory: 12512 MB
2026-01-01 12:57:10.457 [INFO]   71M keys, 490K ops/sec, memory: 12690 MB
2026-01-01 12:57:12.952 [INFO]   72M keys, 489K ops/sec, memory: 12869 MB
2026-01-01 12:57:15.229 [INFO]   73M keys, 488K ops/sec, memory: 13048 MB
2026-01-01 12:57:17.610 [INFO]   74M keys, 487K ops/sec, memory: 13227 MB
2026-01-01 12:57:20.036 [INFO]   75M keys, 486K ops/sec, memory: 13405 MB
2026-01-01 12:57:22.409 [INFO]   76M keys, 485K ops/sec, memory: 13584 MB
2026-01-01 12:57:24.702 [INFO]   77M keys, 484K ops/sec, memory: 13763 MB
2026-01-01 12:57:27.040 [INFO]   78M keys, 483K ops/sec, memory: 13942 MB
2026-01-01 12:57:29.439 [INFO]   79M keys, 482K ops/sec, memory: 14120 MB
2026-01-01 12:57:31.747 [INFO]   80M keys, 481K ops/sec, memory: 14299 MB
2026-01-01 12:57:34.112 [INFO]   81M keys, 481K ops/sec, memory: 14478 MB
2026-01-01 12:57:36.428 [INFO]   82M keys, 480K ops/sec, memory: 14656 MB
2026-01-01 12:57:38.730 [INFO]   83M keys, 479K ops/sec, memory: 14835 MB
2026-01-01 12:57:41.224 [INFO]   84M keys, 478K ops/sec, memory: 15014 MB
2026-01-01 12:57:43.684 [INFO]   85M keys, 477K ops/sec, memory: 15193 MB
2026-01-01 12:57:46.100 [INFO]   86M keys, 476K ops/sec, memory: 15371 MB
2026-01-01 12:57:48.493 [INFO]   87M keys, 476K ops/sec, memory: 15550 MB
2026-01-01 12:57:50.945 [INFO]   88M keys, 475K ops/sec, memory: 15729 MB
2026-01-01 12:57:53.372 [INFO]   89M keys, 474K ops/sec, memory: 15908 MB
2026-01-01 12:57:55.641 [INFO]   90M keys, 473K ops/sec, memory: 16086 MB
2026-01-01 12:57:57.962 [INFO]   91M keys, 473K ops/sec, memory: 16265 MB
2026-01-01 12:58:00.362 [INFO]   92M keys, 472K ops/sec, memory: 16444 MB
2026-01-01 12:58:02.738 [INFO]   93M keys, 472K ops/sec, memory: 16623 MB
2026-01-01 12:58:05.230 [INFO]   94M keys, 471K ops/sec, memory: 16801 MB
2026-01-01 12:58:07.865 [INFO]   95M keys, 470K ops/sec, memory: 16980 MB
2026-01-01 12:58:10.330 [INFO]   96M keys, 469K ops/sec, memory: 17159 MB
2026-01-01 12:58:12.921 [INFO]   97M keys, 468K ops/sec, memory: 17338 MB
2026-01-01 12:58:15.457 [INFO]   98M keys, 467K ops/sec, memory: 17516 MB
2026-01-01 12:58:17.949 [INFO]   99M keys, 466K ops/sec, memory: 17695 MB
2026-01-01 12:58:20.527 [INFO]   100M keys, 465K ops/sec, memory: 17874 MB
2026-01-01 12:58:20.527 [INFO] 
2026-01-01 12:58:20.527 [INFO] === Results ===
2026-01-01 12:58:20.527 [INFO] Total keys inserted: 100000000
2026-01-01 12:58:20.527 [INFO] Total time: 214 seconds
2026-01-01 12:58:20.527 [INFO] Throughput: 465583 inserts/sec
2026-01-01 12:58:20.527 [INFO] Arena memory: 17874 MB
2026-01-01 12:58:20.527 [INFO] Bytes per entry: 187
2026-01-01 12:58:20.527 [INFO] 
2026-01-01 12:58:20.527 [INFO] === Verification ===
2026-01-01 12:58:20.527 [INFO] Key 0: found (value size=100)
2026-01-01 12:58:20.527 [INFO] Key 50000000: found (value size=100)
2026-01-01 12:58:20.527 [INFO] Key 99999999: found (value size=100)
