2026-01-02 14:33:22.571 [INFO] SkipList Multi-threaded Stress Test V1
2026-01-02 14:33:22.571 [INFO] ====================================
2026-01-02 14:33:22.571 [INFO] Keys to insert: 100000000
2026-01-02 14:33:22.571 [INFO] Threads: 12
2026-01-02 14:33:22.571 [INFO] Key size: 16 bytes
2026-01-02 14:33:22.571 [INFO] Value size: 100 bytes
2026-01-02 14:33:22.571 [INFO] 
2026-01-02 14:33:22.571 [INFO] Inserting keys...
2026-01-02 14:33:23.571 [INFO]   5M keys, 4955K ops/sec, memory: 883 MB
2026-01-02 14:33:24.571 [INFO]   10M keys, 4759K ops/sec, memory: 1730 MB
2026-01-02 14:33:25.571 [INFO]   14M keys, 4650K ops/sec, memory: 2558 MB
2026-01-02 14:33:26.572 [INFO]   19M keys, 4615K ops/sec, memory: 3380 MB
2026-01-02 14:33:27.572 [INFO]   23M keys, 4460K ops/sec, memory: 4174 MB
2026-01-02 14:33:28.572 [INFO]   28M keys, 4490K ops/sec, memory: 4973 MB
2026-01-02 14:33:29.572 [INFO]   32M keys, 4434K ops/sec, memory: 5762 MB
2026-01-02 14:33:30.572 [INFO]   37M keys, 4406K ops/sec, memory: 6547 MB
2026-01-02 14:33:31.572 [INFO]   41M keys, 4335K ops/sec, memory: 7319 MB
2026-01-02 14:33:32.573 [INFO]   45M keys, 4312K ops/sec, memory: 8086 MB
2026-01-02 14:33:33.573 [INFO]   50M keys, 4224K ops/sec, memory: 8838 MB
2026-01-02 14:33:34.573 [INFO]   54M keys, 4278K ops/sec, memory: 9600 MB
2026-01-02 14:33:35.573 [INFO]   58M keys, 4171K ops/sec, memory: 10342 MB
2026-01-02 14:33:36.573 [INFO]   62M keys, 4114K ops/sec, memory: 11075 MB
2026-01-02 14:33:37.573 [INFO]   66M keys, 4136K ops/sec, memory: 11811 MB
2026-01-02 14:33:38.574 [INFO]   70M keys, 4133K ops/sec, memory: 12547 MB
2026-01-02 14:33:39.574 [INFO]   75M keys, 4081K ops/sec, memory: 13274 MB
2026-01-02 14:33:40.574 [INFO]   79M keys, 4023K ops/sec, memory: 13990 MB
2026-01-02 14:33:41.574 [INFO]   82M keys, 3886K ops/sec, memory: 14682 MB
2026-01-02 14:33:42.574 [INFO]   86M keys, 3925K ops/sec, memory: 15381 MB
2026-01-02 14:33:43.574 [INFO]   90M keys, 3869K ops/sec, memory: 16070 MB
2026-01-02 14:33:44.575 [INFO]   94M keys, 3355K ops/sec, memory: 16667 MB
2026-01-02 14:33:45.575 [INFO]   97M keys, 3142K ops/sec, memory: 17226 MB
2026-01-02 14:33:46.575 [INFO]   99M keys, 2171K ops/sec, memory: 17613 MB
2026-01-02 14:33:47.575 [INFO]   100M keys, 831K ops/sec, memory: 17761 MB
2026-01-02 14:33:48.575 [INFO]   100M keys, 228K ops/sec, memory: 17802 MB
2026-01-02 14:33:48.575 [INFO] 
2026-01-02 14:33:48.575 [INFO] === Results ===
2026-01-02 14:33:48.575 [INFO] Total keys inserted: 100000000
2026-01-02 14:33:48.575 [INFO] Threads: 12
2026-01-02 14:33:48.575 [INFO] Total time: 25.81 seconds
2026-01-02 14:33:48.575 [INFO] Throughput: 3874432 inserts/sec
2026-01-02 14:33:48.575 [INFO] Throughput: 3.87 M inserts/sec
2026-01-02 14:33:48.575 [INFO] Arena memory: 17801.62 MB
2026-01-02 14:33:48.575 [INFO] Bytes per entry: 186.664
2026-01-02 14:33:48.575 [INFO] 
2026-01-02 14:33:48.575 [INFO] === Verification ===
2026-01-02 14:33:48.575 [INFO] Key 0: found (value size=100)
2026-01-02 14:33:48.575 [INFO] Key 50000000: found (value size=100)
2026-01-02 14:33:48.575 [INFO] Key 99999999: found (value size=100)
