2026-01-01 19:05:10.016 [INFO] SkipList Multi-threaded Stress Test V1
2026-01-01 19:05:10.016 [INFO] ====================================
2026-01-01 19:05:10.016 [INFO] Keys to insert: 100000000
2026-01-01 19:05:10.016 [INFO] Threads: 12
2026-01-01 19:05:10.016 [INFO] Key size: 16 bytes
2026-01-01 19:05:10.016 [INFO] Value size: 100 bytes
2026-01-01 19:05:10.016 [INFO] 
2026-01-01 19:05:10.016 [INFO] Inserting keys...
2026-01-01 19:05:11.016 [INFO]   0M keys, 317K ops/sec, memory: 57 MB
2026-01-01 19:05:12.017 [INFO]   1M keys, 307K ops/sec, memory: 112 MB
2026-01-01 19:05:13.017 [INFO]   1M keys, 301K ops/sec, memory: 165 MB
2026-01-01 19:05:14.017 [INFO]   1M keys, 302K ops/sec, memory: 219 MB
2026-01-01 19:05:15.017 [INFO]   2M keys, 299K ops/sec, memory: 273 MB
2026-01-01 19:05:16.017 [INFO]   2M keys, 300K ops/sec, memory: 326 MB
2026-01-01 19:05:17.017 [INFO]   2M keys, 299K ops/sec, memory: 380 MB
2026-01-01 19:05:18.017 [INFO]   2M keys, 301K ops/sec, memory: 434 MB
2026-01-01 19:05:19.018 [INFO]   3M keys, 303K ops/sec, memory: 488 MB
2026-01-01 19:05:20.018 [INFO]   3M keys, 305K ops/sec, memory: 542 MB
2026-01-01 19:05:21.018 [INFO]   3M keys, 303K ops/sec, memory: 596 MB
2026-01-01 19:05:22.018 [INFO]   4M keys, 299K ops/sec, memory: 650 MB
2026-01-01 19:05:23.018 [INFO]   4M keys, 301K ops/sec, memory: 704 MB
2026-01-01 19:05:24.018 [INFO]   4M keys, 294K ops/sec, memory: 756 MB
2026-01-01 19:05:25.018 [INFO]   5M keys, 292K ops/sec, memory: 809 MB
2026-01-01 19:05:26.019 [INFO]   5M keys, 297K ops/sec, memory: 862 MB
2026-01-01 19:05:27.019 [INFO]   5M keys, 295K ops/sec, memory: 914 MB
2026-01-01 19:05:28.019 [INFO]   5M keys, 289K ops/sec, memory: 966 MB
2026-01-01 19:05:29.019 [INFO]   6M keys, 300K ops/sec, memory: 1020 MB
2026-01-01 19:05:30.019 [INFO]   6M keys, 296K ops/sec, memory: 1073 MB
2026-01-01 19:05:31.019 [INFO]   6M keys, 290K ops/sec, memory: 1125 MB
2026-01-01 19:05:32.019 [INFO]   7M keys, 290K ops/sec, memory: 1177 MB
2026-01-01 19:05:33.020 [INFO]   7M keys, 290K ops/sec, memory: 1228 MB
2026-01-01 19:05:34.020 [INFO]   7M keys, 287K ops/sec, memory: 1280 MB
2026-01-01 19:05:35.020 [INFO]   7M keys, 291K ops/sec, memory: 1332 MB
2026-01-01 19:05:36.020 [INFO]   8M keys, 291K ops/sec, memory: 1384 MB
2026-01-01 19:05:37.020 [INFO]   8M keys, 287K ops/sec, memory: 1435 MB
2026-01-01 19:05:38.020 [INFO]   8M keys, 289K ops/sec, memory: 1487 MB
2026-01-01 19:05:39.020 [INFO]   9M keys, 284K ops/sec, memory: 1537 MB
2026-01-01 19:05:40.021 [INFO]   9M keys, 288K ops/sec, memory: 1589 MB
2026-01-01 19:05:41.021 [INFO]   9M keys, 289K ops/sec, memory: 1640 MB
2026-01-01 19:05:42.021 [INFO]   9M keys, 292K ops/sec, memory: 1693 MB
2026-01-01 19:05:43.021 [INFO]   10M keys, 290K ops/sec, memory: 1745 MB
2026-01-01 19:05:44.021 [INFO]   10M keys, 287K ops/sec, memory: 1796 MB
2026-01-01 19:05:45.021 [INFO]   10M keys, 286K ops/sec, memory: 1847 MB
2026-01-01 19:05:46.021 [INFO]   11M keys, 290K ops/sec, memory: 1899 MB
2026-01-01 19:05:47.022 [INFO]   11M keys, 289K ops/sec, memory: 1950 MB
2026-01-01 19:05:48.022 [INFO]   11M keys, 289K ops/sec, memory: 2002 MB
2026-01-01 19:05:49.022 [INFO]   11M keys, 289K ops/sec, memory: 2054 MB
2026-01-01 19:05:50.022 [INFO]   12M keys, 285K ops/sec, memory: 2105 MB
2026-01-01 19:05:51.022 [INFO]   12M keys, 285K ops/sec, memory: 2156 MB
2026-01-01 19:05:52.022 [INFO]   12M keys, 286K ops/sec, memory: 2207 MB
2026-01-01 19:05:53.022 [INFO]   13M keys, 286K ops/sec, memory: 2258 MB
2026-01-01 19:05:54.023 [INFO]   13M keys, 282K ops/sec, memory: 2308 MB
2026-01-01 19:05:55.023 [INFO]   13M keys, 287K ops/sec, memory: 2360 MB
2026-01-01 19:05:56.023 [INFO]   13M keys, 284K ops/sec, memory: 2410 MB
2026-01-01 19:05:57.023 [INFO]   14M keys, 280K ops/sec, memory: 2461 MB
2026-01-01 19:05:58.023 [INFO]   14M keys, 287K ops/sec, memory: 2512 MB
2026-01-01 19:05:59.023 [INFO]   14M keys, 286K ops/sec, memory: 2563 MB
2026-01-01 19:06:00.023 [INFO]   15M keys, 284K ops/sec, memory: 2614 MB
2026-01-01 19:06:01.024 [INFO]   15M keys, 280K ops/sec, memory: 2664 MB
2026-01-01 19:06:02.024 [INFO]   15M keys, 276K ops/sec, memory: 2713 MB
2026-01-01 19:06:03.024 [INFO]   15M keys, 278K ops/sec, memory: 2763 MB
2026-01-01 19:06:04.024 [INFO]   16M keys, 277K ops/sec, memory: 2812 MB
2026-01-01 19:06:05.024 [INFO]   16M keys, 281K ops/sec, memory: 2863 MB
2026-01-01 19:06:06.024 [INFO]   16M keys, 284K ops/sec, memory: 2913 MB
2026-01-01 19:06:07.024 [INFO]   17M keys, 285K ops/sec, memory: 2964 MB
2026-01-01 19:06:08.025 [INFO]   17M keys, 274K ops/sec, memory: 3013 MB
2026-01-01 19:06:09.025 [INFO]   17M keys, 283K ops/sec, memory: 3064 MB
2026-01-01 19:06:10.025 [INFO]   17M keys, 284K ops/sec, memory: 3115 MB
2026-01-01 19:06:11.025 [INFO]   18M keys, 286K ops/sec, memory: 3166 MB
2026-01-01 19:06:12.025 [INFO]   18M keys, 288K ops/sec, memory: 3217 MB
2026-01-01 19:06:13.025 [INFO]   18M keys, 286K ops/sec, memory: 3268 MB
2026-01-01 19:06:14.025 [INFO]   19M keys, 282K ops/sec, memory: 3319 MB
2026-01-01 19:06:15.026 [INFO]   19M keys, 282K ops/sec, memory: 3369 MB
2026-01-01 19:06:16.026 [INFO]   19M keys, 284K ops/sec, memory: 3420 MB
2026-01-01 19:06:17.026 [INFO]   19M keys, 280K ops/sec, memory: 3470 MB
2026-01-01 19:06:18.026 [INFO]   20M keys, 278K ops/sec, memory: 3520 MB
2026-01-01 19:06:19.026 [INFO]   20M keys, 282K ops/sec, memory: 3570 MB
2026-01-01 19:06:20.026 [INFO]   20M keys, 287K ops/sec, memory: 3621 MB
2026-01-01 19:06:21.026 [INFO]   21M keys, 284K ops/sec, memory: 3672 MB
2026-01-01 19:06:22.027 [INFO]   21M keys, 281K ops/sec, memory: 3722 MB
2026-01-01 19:06:23.027 [INFO]   21M keys, 281K ops/sec, memory: 3773 MB
2026-01-01 19:06:24.027 [INFO]   21M keys, 283K ops/sec, memory: 3823 MB
2026-01-01 19:06:25.027 [INFO]   22M keys, 281K ops/sec, memory: 3874 MB
2026-01-01 19:06:26.027 [INFO]   22M keys, 282K ops/sec, memory: 3924 MB
2026-01-01 19:06:27.027 [INFO]   22M keys, 281K ops/sec, memory: 3974 MB
2026-01-01 19:06:28.028 [INFO]   23M keys, 276K ops/sec, memory: 4023 MB
2026-01-01 19:06:29.028 [INFO]   23M keys, 280K ops/sec, memory: 4073 MB
2026-01-01 19:06:30.028 [INFO]   23M keys, 281K ops/sec, memory: 4124 MB
2026-01-01 19:06:31.028 [INFO]   23M keys, 279K ops/sec, memory: 4173 MB
2026-01-01 19:06:32.028 [INFO]   24M keys, 278K ops/sec, memory: 4223 MB
2026-01-01 19:06:33.028 [INFO]   24M keys, 275K ops/sec, memory: 4272 MB
2026-01-01 19:06:34.028 [INFO]   24M keys, 277K ops/sec, memory: 4322 MB
2026-01-01 19:06:35.029 [INFO]   24M keys, 275K ops/sec, memory: 4371 MB
2026-01-01 19:06:36.029 [INFO]   25M keys, 280K ops/sec, memory: 4421 MB
2026-01-01 19:06:37.029 [INFO]   25M keys, 281K ops/sec, memory: 4471 MB
2026-01-01 19:06:38.029 [INFO]   25M keys, 279K ops/sec, memory: 4521 MB
2026-01-01 19:06:39.029 [INFO]   26M keys, 278K ops/sec, memory: 4571 MB
2026-01-01 19:06:40.029 [INFO]   26M keys, 276K ops/sec, memory: 4620 MB
2026-01-01 19:06:41.029 [INFO]   26M keys, 277K ops/sec, memory: 4670 MB
2026-01-01 19:06:42.030 [INFO]   26M keys, 274K ops/sec, memory: 4719 MB
2026-01-01 19:06:43.030 [INFO]   27M keys, 272K ops/sec, memory: 4767 MB
2026-01-01 19:06:44.030 [INFO]   27M keys, 272K ops/sec, memory: 4816 MB
2026-01-01 19:06:45.030 [INFO]   27M keys, 276K ops/sec, memory: 4865 MB
2026-01-01 19:06:46.030 [INFO]   27M keys, 277K ops/sec, memory: 4915 MB
2026-01-01 19:06:47.030 [INFO]   28M keys, 277K ops/sec, memory: 4964 MB
2026-01-01 19:06:48.030 [INFO]   28M keys, 273K ops/sec, memory: 5013 MB
2026-01-01 19:06:49.031 [INFO]   28M keys, 279K ops/sec, memory: 5063 MB
2026-01-01 19:06:50.031 [INFO]   29M keys, 280K ops/sec, memory: 5113 MB
2026-01-01 19:06:51.031 [INFO]   29M keys, 280K ops/sec, memory: 5163 MB
2026-01-01 19:06:52.031 [INFO]   29M keys, 281K ops/sec, memory: 5213 MB
2026-01-01 19:06:53.031 [INFO]   29M keys, 283K ops/sec, memory: 5264 MB
2026-01-01 19:06:54.031 [INFO]   30M keys, 279K ops/sec, memory: 5314 MB
2026-01-01 19:06:55.031 [INFO]   30M keys, 279K ops/sec, memory: 5364 MB
2026-01-01 19:06:56.032 [INFO]   30M keys, 280K ops/sec, memory: 5414 MB
2026-01-01 19:06:57.032 [INFO]   31M keys, 280K ops/sec, memory: 5464 MB
2026-01-01 19:06:58.032 [INFO]   31M keys, 281K ops/sec, memory: 5514 MB
2026-01-01 19:06:59.032 [INFO]   31M keys, 280K ops/sec, memory: 5564 MB
2026-01-01 19:07:00.032 [INFO]   31M keys, 282K ops/sec, memory: 5615 MB
2026-01-01 19:07:01.032 [INFO]   32M keys, 284K ops/sec, memory: 5666 MB
2026-01-01 19:07:02.032 [INFO]   32M keys, 279K ops/sec, memory: 5715 MB
2026-01-01 19:07:03.033 [INFO]   32M keys, 277K ops/sec, memory: 5765 MB
2026-01-01 19:07:04.033 [INFO]   33M keys, 279K ops/sec, memory: 5815 MB
2026-01-01 19:07:05.033 [INFO]   33M keys, 282K ops/sec, memory: 5865 MB
2026-01-01 19:07:06.033 [INFO]   33M keys, 276K ops/sec, memory: 5915 MB
2026-01-01 19:07:07.033 [INFO]   33M keys, 274K ops/sec, memory: 5964 MB
2026-01-01 19:07:08.033 [INFO]   34M keys, 258K ops/sec, memory: 6010 MB
2026-01-01 19:07:09.033 [INFO]   34M keys, 275K ops/sec, memory: 6059 MB
2026-01-01 19:07:10.033 [INFO]   34M keys, 275K ops/sec, memory: 6108 MB
2026-01-01 19:07:11.034 [INFO]   34M keys, 273K ops/sec, memory: 6157 MB
2026-01-01 19:07:12.034 [INFO]   35M keys, 271K ops/sec, memory: 6205 MB
2026-01-01 19:07:13.034 [INFO]   35M keys, 276K ops/sec, memory: 6255 MB
2026-01-01 19:07:14.034 [INFO]   35M keys, 271K ops/sec, memory: 6303 MB
2026-01-01 19:07:15.034 [INFO]   36M keys, 277K ops/sec, memory: 6352 MB
2026-01-01 19:07:16.034 [INFO]   36M keys, 277K ops/sec, memory: 6402 MB
2026-01-01 19:07:17.034 [INFO]   36M keys, 275K ops/sec, memory: 6451 MB
2026-01-01 19:07:18.035 [INFO]   36M keys, 274K ops/sec, memory: 6500 MB
2026-01-01 19:07:19.035 [INFO]   37M keys, 277K ops/sec, memory: 6549 MB
2026-01-01 19:07:20.035 [INFO]   37M keys, 272K ops/sec, memory: 6598 MB
2026-01-01 19:07:21.035 [INFO]   37M keys, 274K ops/sec, memory: 6647 MB
2026-01-01 19:07:22.035 [INFO]   37M keys, 270K ops/sec, memory: 6695 MB
2026-01-01 19:07:23.035 [INFO]   38M keys, 270K ops/sec, memory: 6744 MB
2026-01-01 19:07:24.035 [INFO]   38M keys, 269K ops/sec, memory: 6792 MB
2026-01-01 19:07:25.036 [INFO]   38M keys, 270K ops/sec, memory: 6840 MB
2026-01-01 19:07:26.036 [INFO]   39M keys, 269K ops/sec, memory: 6888 MB
2026-01-01 19:07:27.036 [INFO]   39M keys, 269K ops/sec, memory: 6936 MB
2026-01-01 19:07:28.036 [INFO]   39M keys, 268K ops/sec, memory: 6984 MB
2026-01-01 19:07:29.036 [INFO]   39M keys, 269K ops/sec, memory: 7032 MB
2026-01-01 19:07:30.036 [INFO]   40M keys, 268K ops/sec, memory: 7080 MB
2026-01-01 19:07:31.036 [INFO]   40M keys, 263K ops/sec, memory: 7127 MB
2026-01-01 19:07:32.037 [INFO]   40M keys, 269K ops/sec, memory: 7175 MB
2026-01-01 19:07:33.037 [INFO]   40M keys, 267K ops/sec, memory: 7223 MB
2026-01-01 19:07:34.037 [INFO]   41M keys, 267K ops/sec, memory: 7271 MB
2026-01-01 19:07:35.037 [INFO]   41M keys, 271K ops/sec, memory: 7319 MB
2026-01-01 19:07:36.037 [INFO]   41M keys, 273K ops/sec, memory: 7368 MB
2026-01-01 19:07:37.037 [INFO]   41M keys, 273K ops/sec, memory: 7417 MB
2026-01-01 19:07:38.037 [INFO]   42M keys, 274K ops/sec, memory: 7466 MB
2026-01-01 19:07:39.038 [INFO]   42M keys, 271K ops/sec, memory: 7514 MB
2026-01-01 19:07:40.038 [INFO]   42M keys, 273K ops/sec, memory: 7563 MB
2026-01-01 19:07:41.038 [INFO]   43M keys, 270K ops/sec, memory: 7611 MB
2026-01-01 19:07:42.038 [INFO]   43M keys, 272K ops/sec, memory: 7660 MB
2026-01-01 19:07:43.038 [INFO]   43M keys, 274K ops/sec, memory: 7709 MB
2026-01-01 19:07:44.038 [INFO]   43M keys, 274K ops/sec, memory: 7758 MB
2026-01-01 19:07:45.038 [INFO]   44M keys, 275K ops/sec, memory: 7807 MB
2026-01-01 19:07:46.039 [INFO]   44M keys, 271K ops/sec, memory: 7855 MB
2026-01-01 19:07:47.039 [INFO]   44M keys, 273K ops/sec, memory: 7904 MB
2026-01-01 19:07:48.039 [INFO]   44M keys, 270K ops/sec, memory: 7953 MB
2026-01-01 19:07:49.039 [INFO]   45M keys, 272K ops/sec, memory: 8001 MB
2026-01-01 19:07:50.039 [INFO]   45M keys, 271K ops/sec, memory: 8050 MB
2026-01-01 19:07:51.039 [INFO]   45M keys, 273K ops/sec, memory: 8098 MB
2026-01-01 19:07:52.039 [INFO]   46M keys, 273K ops/sec, memory: 8147 MB
2026-01-01 19:07:53.040 [INFO]   46M keys, 273K ops/sec, memory: 8196 MB
2026-01-01 19:07:54.040 [INFO]   46M keys, 275K ops/sec, memory: 8245 MB
2026-01-01 19:07:55.040 [INFO]   46M keys, 272K ops/sec, memory: 8294 MB
2026-01-01 19:07:56.040 [INFO]   47M keys, 270K ops/sec, memory: 8342 MB
2026-01-01 19:07:57.040 [INFO]   47M keys, 267K ops/sec, memory: 8390 MB
2026-01-01 19:07:58.040 [INFO]   47M keys, 269K ops/sec, memory: 8438 MB
2026-01-01 19:07:59.040 [INFO]   47M keys, 272K ops/sec, memory: 8486 MB
2026-01-01 19:08:00.041 [INFO]   48M keys, 269K ops/sec, memory: 8534 MB
2026-01-01 19:08:01.041 [INFO]   48M keys, 273K ops/sec, memory: 8583 MB
2026-01-01 19:08:02.041 [INFO]   48M keys, 270K ops/sec, memory: 8631 MB
2026-01-01 19:08:03.041 [INFO]   49M keys, 272K ops/sec, memory: 8680 MB
2026-01-01 19:08:04.041 [INFO]   49M keys, 271K ops/sec, memory: 8728 MB
2026-01-01 19:08:05.041 [INFO]   49M keys, 272K ops/sec, memory: 8777 MB
2026-01-01 19:08:06.041 [INFO]   49M keys, 274K ops/sec, memory: 8826 MB
2026-01-01 19:08:07.041 [INFO]   50M keys, 278K ops/sec, memory: 8876 MB
2026-01-01 19:08:08.042 [INFO]   50M keys, 277K ops/sec, memory: 8925 MB
2026-01-01 19:08:09.042 [INFO]   50M keys, 275K ops/sec, memory: 8974 MB
2026-01-01 19:08:10.042 [INFO]   50M keys, 277K ops/sec, memory: 9024 MB
2026-01-01 19:08:11.042 [INFO]   51M keys, 275K ops/sec, memory: 9073 MB
2026-01-01 19:08:12.042 [INFO]   51M keys, 274K ops/sec, memory: 9122 MB
2026-01-01 19:08:13.042 [INFO]   51M keys, 275K ops/sec, memory: 9171 MB
2026-01-01 19:08:14.042 [INFO]   52M keys, 278K ops/sec, memory: 9221 MB
2026-01-01 19:08:15.043 [INFO]   52M keys, 275K ops/sec, memory: 9270 MB
2026-01-01 19:08:16.043 [INFO]   52M keys, 273K ops/sec, memory: 9318 MB
2026-01-01 19:08:17.043 [INFO]   52M keys, 273K ops/sec, memory: 9367 MB
2026-01-01 19:08:18.043 [INFO]   53M keys, 275K ops/sec, memory: 9416 MB
2026-01-01 19:08:19.043 [INFO]   53M keys, 279K ops/sec, memory: 9466 MB
2026-01-01 19:08:20.043 [INFO]   53M keys, 274K ops/sec, memory: 9515 MB
2026-01-01 19:08:21.043 [INFO]   54M keys, 275K ops/sec, memory: 9564 MB
2026-01-01 19:08:22.044 [INFO]   54M keys, 276K ops/sec, memory: 9614 MB
2026-01-01 19:08:23.044 [INFO]   54M keys, 276K ops/sec, memory: 9663 MB
2026-01-01 19:08:24.044 [INFO]   54M keys, 273K ops/sec, memory: 9712 MB
2026-01-01 19:08:25.044 [INFO]   55M keys, 269K ops/sec, memory: 9760 MB
2026-01-01 19:08:26.044 [INFO]   55M keys, 271K ops/sec, memory: 9808 MB
2026-01-01 19:08:27.044 [INFO]   55M keys, 274K ops/sec, memory: 9857 MB
2026-01-01 19:08:28.044 [INFO]   55M keys, 278K ops/sec, memory: 9907 MB
2026-01-01 19:08:29.044 [INFO]   56M keys, 275K ops/sec, memory: 9956 MB
2026-01-01 19:08:30.045 [INFO]   56M keys, 275K ops/sec, memory: 10005 MB
2026-01-01 19:08:31.045 [INFO]   56M keys, 272K ops/sec, memory: 10054 MB
2026-01-01 19:08:32.045 [INFO]   57M keys, 273K ops/sec, memory: 10103 MB
2026-01-01 19:08:33.045 [INFO]   57M keys, 268K ops/sec, memory: 10151 MB
2026-01-01 19:08:34.045 [INFO]   57M keys, 265K ops/sec, memory: 10198 MB
2026-01-01 19:08:35.045 [INFO]   57M keys, 268K ops/sec, memory: 10246 MB
2026-01-01 19:08:36.045 [INFO]   58M keys, 270K ops/sec, memory: 10294 MB
2026-01-01 19:08:37.045 [INFO]   58M keys, 269K ops/sec, memory: 10342 MB
2026-01-01 19:08:38.046 [INFO]   58M keys, 265K ops/sec, memory: 10390 MB
2026-01-01 19:08:39.046 [INFO]   58M keys, 265K ops/sec, memory: 10437 MB
2026-01-01 19:08:40.046 [INFO]   59M keys, 267K ops/sec, memory: 10485 MB
2026-01-01 19:08:41.046 [INFO]   59M keys, 268K ops/sec, memory: 10533 MB
2026-01-01 19:08:42.046 [INFO]   59M keys, 267K ops/sec, memory: 10580 MB
2026-01-01 19:08:43.046 [INFO]   59M keys, 266K ops/sec, memory: 10628 MB
2026-01-01 19:08:44.046 [INFO]   60M keys, 274K ops/sec, memory: 10677 MB
2026-01-01 19:08:45.047 [INFO]   60M keys, 271K ops/sec, memory: 10725 MB
2026-01-01 19:08:46.047 [INFO]   60M keys, 270K ops/sec, memory: 10773 MB
2026-01-01 19:08:47.047 [INFO]   61M keys, 272K ops/sec, memory: 10822 MB
2026-01-01 19:08:48.047 [INFO]   61M keys, 270K ops/sec, memory: 10870 MB
2026-01-01 19:08:49.047 [INFO]   61M keys, 265K ops/sec, memory: 10918 MB
2026-01-01 19:08:50.047 [INFO]   61M keys, 260K ops/sec, memory: 10964 MB
2026-01-01 19:08:51.047 [INFO]   62M keys, 266K ops/sec, memory: 11012 MB
2026-01-01 19:08:52.048 [INFO]   62M keys, 266K ops/sec, memory: 11059 MB
2026-01-01 19:08:53.048 [INFO]   62M keys, 269K ops/sec, memory: 11108 MB
2026-01-01 19:08:54.048 [INFO]   62M keys, 266K ops/sec, memory: 11155 MB
2026-01-01 19:08:55.048 [INFO]   63M keys, 263K ops/sec, memory: 11202 MB
2026-01-01 19:08:56.048 [INFO]   63M keys, 260K ops/sec, memory: 11249 MB
2026-01-01 19:08:57.048 [INFO]   63M keys, 266K ops/sec, memory: 11296 MB
2026-01-01 19:08:58.048 [INFO]   63M keys, 264K ops/sec, memory: 11343 MB
2026-01-01 19:08:59.048 [INFO]   64M keys, 268K ops/sec, memory: 11391 MB
2026-01-01 19:09:00.049 [INFO]   64M keys, 266K ops/sec, memory: 11439 MB
2026-01-01 19:09:01.049 [INFO]   64M keys, 268K ops/sec, memory: 11487 MB
2026-01-01 19:09:02.049 [INFO]   65M keys, 269K ops/sec, memory: 11535 MB
2026-01-01 19:09:03.049 [INFO]   65M keys, 265K ops/sec, memory: 11582 MB
2026-01-01 19:09:04.049 [INFO]   65M keys, 265K ops/sec, memory: 11629 MB
2026-01-01 19:09:05.049 [INFO]   65M keys, 270K ops/sec, memory: 11678 MB
2026-01-01 19:09:06.049 [INFO]   66M keys, 266K ops/sec, memory: 11725 MB
2026-01-01 19:09:07.050 [INFO]   66M keys, 269K ops/sec, memory: 11773 MB
2026-01-01 19:09:08.050 [INFO]   66M keys, 267K ops/sec, memory: 11821 MB
2026-01-01 19:09:09.050 [INFO]   66M keys, 269K ops/sec, memory: 11869 MB
2026-01-01 19:09:10.050 [INFO]   67M keys, 270K ops/sec, memory: 11917 MB
2026-01-01 19:09:11.050 [INFO]   67M keys, 239K ops/sec, memory: 11960 MB
2026-01-01 19:09:12.050 [INFO]   67M keys, 270K ops/sec, memory: 12009 MB
2026-01-01 19:09:13.050 [INFO]   67M keys, 271K ops/sec, memory: 12057 MB
2026-01-01 19:09:14.050 [INFO]   68M keys, 276K ops/sec, memory: 12106 MB
2026-01-01 19:09:15.051 [INFO]   68M keys, 270K ops/sec, memory: 12155 MB
2026-01-01 19:09:16.051 [INFO]   68M keys, 274K ops/sec, memory: 12204 MB
2026-01-01 19:09:17.051 [INFO]   69M keys, 274K ops/sec, memory: 12253 MB
2026-01-01 19:09:18.051 [INFO]   69M keys, 273K ops/sec, memory: 12301 MB
2026-01-01 19:09:19.051 [INFO]   69M keys, 273K ops/sec, memory: 12350 MB
2026-01-01 19:09:20.051 [INFO]   69M keys, 268K ops/sec, memory: 12398 MB
2026-01-01 19:09:21.051 [INFO]   70M keys, 267K ops/sec, memory: 12446 MB
2026-01-01 19:09:22.052 [INFO]   70M keys, 275K ops/sec, memory: 12495 MB
2026-01-01 19:09:23.052 [INFO]   70M keys, 273K ops/sec, memory: 12544 MB
2026-01-01 19:09:24.052 [INFO]   70M keys, 271K ops/sec, memory: 12592 MB
2026-01-01 19:09:25.052 [INFO]   71M keys, 271K ops/sec, memory: 12641 MB
2026-01-01 19:09:26.052 [INFO]   71M keys, 270K ops/sec, memory: 12689 MB
2026-01-01 19:09:27.052 [INFO]   71M keys, 270K ops/sec, memory: 12737 MB
2026-01-01 19:09:28.052 [INFO]   72M keys, 267K ops/sec, memory: 12785 MB
2026-01-01 19:09:29.053 [INFO]   72M keys, 266K ops/sec, memory: 12833 MB
2026-01-01 19:09:30.053 [INFO]   72M keys, 269K ops/sec, memory: 12881 MB
2026-01-01 19:09:31.053 [INFO]   72M keys, 271K ops/sec, memory: 12930 MB
2026-01-01 19:09:32.053 [INFO]   73M keys, 268K ops/sec, memory: 12977 MB
2026-01-01 19:09:33.053 [INFO]   73M keys, 274K ops/sec, memory: 13026 MB
2026-01-01 19:09:34.053 [INFO]   73M keys, 271K ops/sec, memory: 13075 MB
2026-01-01 19:09:35.053 [INFO]   73M keys, 269K ops/sec, memory: 13123 MB
2026-01-01 19:09:36.053 [INFO]   74M keys, 267K ops/sec, memory: 13171 MB
2026-01-01 19:09:37.054 [INFO]   74M keys, 270K ops/sec, memory: 13219 MB
2026-01-01 19:09:38.054 [INFO]   74M keys, 272K ops/sec, memory: 13267 MB
2026-01-01 19:09:39.054 [INFO]   74M keys, 270K ops/sec, memory: 13316 MB
2026-01-01 19:09:40.054 [INFO]   75M keys, 272K ops/sec, memory: 13364 MB
2026-01-01 19:09:41.054 [INFO]   75M keys, 269K ops/sec, memory: 13412 MB
2026-01-01 19:09:42.054 [INFO]   75M keys, 270K ops/sec, memory: 13461 MB
2026-01-01 19:09:43.054 [INFO]   76M keys, 270K ops/sec, memory: 13509 MB
2026-01-01 19:09:44.055 [INFO]   76M keys, 269K ops/sec, memory: 13557 MB
2026-01-01 19:09:45.055 [INFO]   76M keys, 267K ops/sec, memory: 13605 MB
2026-01-01 19:09:46.055 [INFO]   76M keys, 265K ops/sec, memory: 13652 MB
2026-01-01 19:09:47.055 [INFO]   77M keys, 263K ops/sec, memory: 13699 MB
2026-01-01 19:09:48.055 [INFO]   77M keys, 263K ops/sec, memory: 13746 MB
2026-01-01 19:09:49.055 [INFO]   77M keys, 263K ops/sec, memory: 13793 MB
2026-01-01 19:09:50.055 [INFO]   77M keys, 266K ops/sec, memory: 13841 MB
2026-01-01 19:09:51.056 [INFO]   78M keys, 272K ops/sec, memory: 13889 MB
2026-01-01 19:09:52.056 [INFO]   78M keys, 273K ops/sec, memory: 13938 MB
2026-01-01 19:09:53.056 [INFO]   78M keys, 269K ops/sec, memory: 13986 MB
2026-01-01 19:09:54.056 [INFO]   79M keys, 273K ops/sec, memory: 14035 MB
2026-01-01 19:09:55.056 [INFO]   79M keys, 274K ops/sec, memory: 14084 MB
2026-01-01 19:09:56.056 [INFO]   79M keys, 270K ops/sec, memory: 14132 MB
2026-01-01 19:09:57.056 [INFO]   79M keys, 271K ops/sec, memory: 14181 MB
2026-01-01 19:09:58.056 [INFO]   80M keys, 269K ops/sec, memory: 14229 MB
2026-01-01 19:09:59.057 [INFO]   80M keys, 269K ops/sec, memory: 14277 MB
2026-01-01 19:10:00.057 [INFO]   80M keys, 269K ops/sec, memory: 14325 MB
2026-01-01 19:10:01.057 [INFO]   80M keys, 263K ops/sec, memory: 14372 MB
2026-01-01 19:10:02.057 [INFO]   81M keys, 266K ops/sec, memory: 14420 MB
2026-01-01 19:10:03.057 [INFO]   81M keys, 271K ops/sec, memory: 14468 MB
2026-01-01 19:10:04.057 [INFO]   81M keys, 268K ops/sec, memory: 14516 MB
2026-01-01 19:10:05.057 [INFO]   81M keys, 268K ops/sec, memory: 14564 MB
2026-01-01 19:10:06.058 [INFO]   82M keys, 264K ops/sec, memory: 14611 MB
2026-01-01 19:10:07.058 [INFO]   82M keys, 263K ops/sec, memory: 14658 MB
2026-01-01 19:10:08.058 [INFO]   82M keys, 263K ops/sec, memory: 14705 MB
2026-01-01 19:10:09.058 [INFO]   83M keys, 267K ops/sec, memory: 14753 MB
2026-01-01 19:10:10.058 [INFO]   83M keys, 263K ops/sec, memory: 14800 MB
2026-01-01 19:10:11.058 [INFO]   83M keys, 268K ops/sec, memory: 14848 MB
2026-01-01 19:10:12.058 [INFO]   83M keys, 265K ops/sec, memory: 14895 MB
2026-01-01 19:10:13.058 [INFO]   84M keys, 266K ops/sec, memory: 14943 MB
2026-01-01 19:10:14.059 [INFO]   84M keys, 262K ops/sec, memory: 14990 MB
2026-01-01 19:10:15.059 [INFO]   84M keys, 263K ops/sec, memory: 15037 MB
2026-01-01 19:10:16.059 [INFO]   84M keys, 264K ops/sec, memory: 15084 MB
2026-01-01 19:10:17.059 [INFO]   85M keys, 263K ops/sec, memory: 15131 MB
2026-01-01 19:10:18.059 [INFO]   85M keys, 265K ops/sec, memory: 15178 MB
2026-01-01 19:10:19.059 [INFO]   85M keys, 264K ops/sec, memory: 15225 MB
2026-01-01 19:10:20.059 [INFO]   85M keys, 263K ops/sec, memory: 15272 MB
2026-01-01 19:10:21.060 [INFO]   86M keys, 266K ops/sec, memory: 15320 MB
2026-01-01 19:10:22.060 [INFO]   86M keys, 268K ops/sec, memory: 15368 MB
2026-01-01 19:10:23.060 [INFO]   86M keys, 268K ops/sec, memory: 15416 MB
2026-01-01 19:10:24.060 [INFO]   87M keys, 267K ops/sec, memory: 15463 MB
2026-01-01 19:10:25.060 [INFO]   87M keys, 265K ops/sec, memory: 15511 MB
2026-01-01 19:10:26.060 [INFO]   87M keys, 266K ops/sec, memory: 15558 MB
2026-01-01 19:10:27.060 [INFO]   87M keys, 264K ops/sec, memory: 15606 MB
2026-01-01 19:10:28.060 [INFO]   88M keys, 264K ops/sec, memory: 15653 MB
2026-01-01 19:10:29.061 [INFO]   88M keys, 266K ops/sec, memory: 15700 MB
2026-01-01 19:10:30.061 [INFO]   88M keys, 264K ops/sec, memory: 15747 MB
2026-01-01 19:10:31.061 [INFO]   88M keys, 266K ops/sec, memory: 15795 MB
2026-01-01 19:10:32.061 [INFO]   89M keys, 264K ops/sec, memory: 15842 MB
2026-01-01 19:10:33.061 [INFO]   89M keys, 260K ops/sec, memory: 15889 MB
2026-01-01 19:10:34.061 [INFO]   89M keys, 266K ops/sec, memory: 15936 MB
2026-01-01 19:10:35.061 [INFO]   89M keys, 264K ops/sec, memory: 15983 MB
2026-01-01 19:10:36.062 [INFO]   90M keys, 263K ops/sec, memory: 16030 MB
2026-01-01 19:10:37.062 [INFO]   90M keys, 258K ops/sec, memory: 16077 MB
2026-01-01 19:10:38.062 [INFO]   90M keys, 259K ops/sec, memory: 16123 MB
2026-01-01 19:10:39.062 [INFO]   90M keys, 258K ops/sec, memory: 16169 MB
2026-01-01 19:10:40.062 [INFO]   91M keys, 260K ops/sec, memory: 16215 MB
2026-01-01 19:10:41.062 [INFO]   91M keys, 270K ops/sec, memory: 16264 MB
2026-01-01 19:10:42.062 [INFO]   91M keys, 282K ops/sec, memory: 16314 MB
2026-01-01 19:10:43.062 [INFO]   92M keys, 295K ops/sec, memory: 16367 MB
2026-01-01 19:10:44.063 [INFO]   92M keys, 306K ops/sec, memory: 16422 MB
2026-01-01 19:10:45.063 [INFO]   92M keys, 317K ops/sec, memory: 16478 MB
2026-01-01 19:10:46.063 [INFO]   93M keys, 312K ops/sec, memory: 16534 MB
2026-01-01 19:10:47.063 [INFO]   93M keys, 315K ops/sec, memory: 16590 MB
2026-01-01 19:10:48.063 [INFO]   93M keys, 305K ops/sec, memory: 16645 MB
2026-01-01 19:10:49.063 [INFO]   93M keys, 312K ops/sec, memory: 16700 MB
2026-01-01 19:10:50.063 [INFO]   94M keys, 328K ops/sec, memory: 16759 MB
2026-01-01 19:10:51.064 [INFO]   94M keys, 338K ops/sec, memory: 16820 MB
2026-01-01 19:10:52.064 [INFO]   94M keys, 333K ops/sec, memory: 16879 MB
2026-01-01 19:10:53.064 [INFO]   95M keys, 334K ops/sec, memory: 16939 MB
2026-01-01 19:10:54.064 [INFO]   95M keys, 337K ops/sec, memory: 16999 MB
2026-01-01 19:10:55.064 [INFO]   95M keys, 357K ops/sec, memory: 17063 MB
2026-01-01 19:10:56.064 [INFO]   96M keys, 352K ops/sec, memory: 17125 MB
2026-01-01 19:10:57.064 [INFO]   96M keys, 367K ops/sec, memory: 17191 MB
2026-01-01 19:10:58.064 [INFO]   97M keys, 362K ops/sec, memory: 17256 MB
2026-01-01 19:10:59.065 [INFO]   97M keys, 366K ops/sec, memory: 17321 MB
2026-01-01 19:11:00.065 [INFO]   97M keys, 361K ops/sec, memory: 17386 MB
2026-01-01 19:11:01.065 [INFO]   98M keys, 386K ops/sec, memory: 17455 MB
2026-01-01 19:11:02.065 [INFO]   98M keys, 388K ops/sec, memory: 17524 MB
2026-01-01 19:11:03.065 [INFO]   98M keys, 382K ops/sec, memory: 17592 MB
2026-01-01 19:11:04.065 [INFO]   99M keys, 381K ops/sec, memory: 17660 MB
2026-01-01 19:11:05.065 [INFO]   99M keys, 374K ops/sec, memory: 17727 MB
2026-01-01 19:11:06.066 [INFO]   100M keys, 383K ops/sec, memory: 17796 MB
2026-01-01 19:11:07.066 [INFO]   100M keys, 392K ops/sec, memory: 17866 MB
2026-01-01 19:11:08.066 [INFO]   100M keys, 41K ops/sec, memory: 17873 MB
2026-01-01 19:11:08.066 [INFO] 
2026-01-01 19:11:08.066 [INFO] === Results ===
2026-01-01 19:11:08.066 [INFO] Total keys inserted: 100000000
2026-01-01 19:11:08.066 [INFO] Threads: 12
2026-01-01 19:11:08.066 [INFO] Total time: 357.14 seconds
2026-01-01 19:11:08.066 [INFO] Throughput: 280000 inserts/sec
2026-01-01 19:11:08.066 [INFO] Throughput: 0.28 M inserts/sec
2026-01-01 19:11:08.066 [INFO] Arena memory: 17873.36 MB
2026-01-01 19:11:08.066 [INFO] Bytes per entry: 187.416
2026-01-01 19:11:08.066 [INFO] 
2026-01-01 19:11:08.066 [INFO] === Verification ===
2026-01-01 19:11:08.066 [INFO] Key 0: found (value size=100)
2026-01-01 19:11:08.066 [INFO] Key 50000000: found (value size=100)
2026-01-01 19:11:08.066 [INFO] Key 99999999: found (value size=100)
