2026-01-02 11:32:23.841 [INFO] SkipList Multi-threaded Stress Test V1
2026-01-02 11:32:23.841 [INFO] ====================================
2026-01-02 11:32:23.841 [INFO] Keys to insert: 10000000
2026-01-02 11:32:23.841 [INFO] Threads: 12
2026-01-02 11:32:23.841 [INFO] Key size: 16 bytes
2026-01-02 11:32:23.841 [INFO] Value size: 100 bytes
2026-01-02 11:32:23.841 [INFO] 
2026-01-02 11:32:23.841 [INFO] Inserting keys...
2026-01-02 11:32:24.841 [INFO]   1M keys, 910K ops/sec, memory: 161 MB
2026-01-02 11:32:25.841 [INFO]   2M keys, 910K ops/sec, memory: 323 MB
2026-01-02 11:32:26.841 [INFO]   3M keys, 908K ops/sec, memory: 484 MB
2026-01-02 11:32:27.841 [INFO]   4M keys, 912K ops/sec, memory: 645 MB
2026-01-02 11:32:28.841 [INFO]   5M keys, 897K ops/sec, memory: 804 MB
2026-01-02 11:32:29.841 [INFO]   5M keys, 917K ops/sec, memory: 967 MB
2026-01-02 11:32:30.842 [INFO]   6M keys, 909K ops/sec, memory: 1128 MB
2026-01-02 11:32:31.842 [INFO]   7M keys, 921K ops/sec, memory: 1291 MB
2026-01-02 11:32:32.842 [INFO]   8M keys, 900K ops/sec, memory: 1451 MB
2026-01-02 11:32:33.842 [INFO]   9M keys, 915K ops/sec, memory: 1613 MB
2026-01-02 11:32:34.842 [INFO]   10M keys, 883K ops/sec, memory: 1770 MB
2026-01-02 11:32:35.842 [INFO]   10M keys, 16K ops/sec, memory: 1772 MB
2026-01-02 11:32:35.842 [INFO] 
2026-01-02 11:32:35.842 [INFO] === Results ===
2026-01-02 11:32:35.842 [INFO] Total keys inserted: 10000000
2026-01-02 11:32:35.842 [INFO] Threads: 12
2026-01-02 11:32:35.842 [INFO] Total time: 11.03 seconds
2026-01-02 11:32:35.842 [INFO] Throughput: 906615 inserts/sec
2026-01-02 11:32:35.842 [INFO] Throughput: 0.91 M inserts/sec
2026-01-02 11:32:35.842 [INFO] Arena memory: 1772.40 MB
2026-01-02 11:32:35.842 [INFO] Bytes per entry: 185.849
2026-01-02 11:32:35.842 [INFO] 
2026-01-02 11:32:35.842 [INFO] === Verification ===
2026-01-02 11:32:35.842 [INFO] Key 0: found (value size=100)
2026-01-02 11:32:35.843 [INFO] Key 5000000: found (value size=100)
2026-01-02 11:32:35.843 [INFO] Key 9999999: found (value size=100)
