2026-01-01 17:45:41.003 [INFO] SkipList Multi-threaded Stress Test V1
2026-01-01 17:45:41.003 [INFO] ====================================
2026-01-01 17:45:41.003 [INFO] Keys to insert: 100000000
2026-01-01 17:45:41.003 [INFO] Threads: 12
2026-01-01 17:45:41.003 [INFO] Key size: 16 bytes
2026-01-01 17:45:41.003 [INFO] Value size: 100 bytes
2026-01-01 17:45:41.003 [INFO] 
2026-01-01 17:45:41.003 [INFO] Inserting keys...
2026-01-01 17:45:42.004 [INFO]   0M keys, 155K ops/sec, memory: 27 MB
2026-01-01 17:45:43.004 [INFO]   0M keys, 151K ops/sec, memory: 54 MB
2026-01-01 17:45:44.004 [INFO]   0M keys, 154K ops/sec, memory: 82 MB
2026-01-01 17:45:45.004 [INFO]   1M keys, 150K ops/sec, memory: 108 MB
2026-01-01 17:45:46.004 [INFO]   1M keys, 150K ops/sec, memory: 135 MB
2026-01-01 17:45:47.004 [INFO]   1M keys, 153K ops/sec, memory: 162 MB
2026-01-01 17:45:48.005 [INFO]   1M keys, 150K ops/sec, memory: 189 MB
2026-01-01 17:45:49.005 [INFO]   1M keys, 151K ops/sec, memory: 216 MB
2026-01-01 17:45:50.005 [INFO]   1M keys, 153K ops/sec, memory: 243 MB
2026-01-01 17:45:51.005 [INFO]   2M keys, 152K ops/sec, memory: 270 MB
2026-01-01 17:45:52.005 [INFO]   2M keys, 150K ops/sec, memory: 296 MB
2026-01-01 17:45:53.005 [INFO]   2M keys, 143K ops/sec, memory: 322 MB
2026-01-01 17:45:54.006 [INFO]   2M keys, 151K ops/sec, memory: 348 MB
2026-01-01 17:45:55.006 [INFO]   2M keys, 154K ops/sec, memory: 376 MB
2026-01-01 17:45:56.006 [INFO]   2M keys, 151K ops/sec, memory: 403 MB
2026-01-01 17:45:57.006 [INFO]   2M keys, 152K ops/sec, memory: 430 MB
2026-01-01 17:45:58.006 [INFO]   3M keys, 148K ops/sec, memory: 456 MB
2026-01-01 17:45:59.006 [INFO]   3M keys, 147K ops/sec, memory: 482 MB
2026-01-01 17:46:00.006 [INFO]   3M keys, 148K ops/sec, memory: 508 MB
2026-01-01 17:46:01.007 [INFO]   3M keys, 143K ops/sec, memory: 534 MB
2026-01-01 17:46:02.007 [INFO]   3M keys, 147K ops/sec, memory: 560 MB
2026-01-01 17:46:03.007 [INFO]   3M keys, 149K ops/sec, memory: 586 MB
2026-01-01 17:46:04.007 [INFO]   3M keys, 146K ops/sec, memory: 612 MB
2026-01-01 17:46:05.007 [INFO]   4M keys, 146K ops/sec, memory: 638 MB
2026-01-01 17:46:06.007 [INFO]   4M keys, 145K ops/sec, memory: 664 MB
2026-01-01 17:46:07.008 [INFO]   4M keys, 145K ops/sec, memory: 690 MB
2026-01-01 17:46:08.008 [INFO]   4M keys, 146K ops/sec, memory: 716 MB
2026-01-01 17:46:09.008 [INFO]   4M keys, 147K ops/sec, memory: 742 MB
2026-01-01 17:46:10.008 [INFO]   4M keys, 149K ops/sec, memory: 768 MB
2026-01-01 17:46:11.008 [INFO]   4M keys, 147K ops/sec, memory: 795 MB
2026-01-01 17:46:12.008 [INFO]   5M keys, 146K ops/sec, memory: 820 MB
2026-01-01 17:46:13.008 [INFO]   5M keys, 143K ops/sec, memory: 846 MB
2026-01-01 17:46:14.009 [INFO]   5M keys, 141K ops/sec, memory: 871 MB
2026-01-01 17:46:15.009 [INFO]   5M keys, 141K ops/sec, memory: 896 MB
2026-01-01 17:46:16.009 [INFO]   5M keys, 143K ops/sec, memory: 921 MB
2026-01-01 17:46:17.009 [INFO]   5M keys, 142K ops/sec, memory: 947 MB
2026-01-01 17:46:18.009 [INFO]   5M keys, 143K ops/sec, memory: 972 MB
2026-01-01 17:46:19.009 [INFO]   6M keys, 141K ops/sec, memory: 997 MB
2026-01-01 17:46:20.010 [INFO]   6M keys, 143K ops/sec, memory: 1022 MB
2026-01-01 17:46:21.010 [INFO]   6M keys, 141K ops/sec, memory: 1047 MB
2026-01-01 17:46:22.010 [INFO]   6M keys, 140K ops/sec, memory: 1072 MB
2026-01-01 17:46:23.010 [INFO]   6M keys, 143K ops/sec, memory: 1098 MB
2026-01-01 17:46:24.010 [INFO]   6M keys, 144K ops/sec, memory: 1123 MB
2026-01-01 17:46:25.011 [INFO]   6M keys, 142K ops/sec, memory: 1149 MB
2026-01-01 17:46:26.011 [INFO]   7M keys, 142K ops/sec, memory: 1174 MB
2026-01-01 17:46:27.011 [INFO]   7M keys, 141K ops/sec, memory: 1199 MB
2026-01-01 17:46:28.011 [INFO]   7M keys, 141K ops/sec, memory: 1224 MB
2026-01-01 17:46:29.011 [INFO]   7M keys, 139K ops/sec, memory: 1249 MB
2026-01-01 17:46:30.012 [INFO]   7M keys, 139K ops/sec, memory: 1273 MB
2026-01-01 17:46:31.012 [INFO]   7M keys, 141K ops/sec, memory: 1298 MB
2026-01-01 17:46:32.012 [INFO]   7M keys, 137K ops/sec, memory: 1323 MB
2026-01-01 17:46:33.012 [INFO]   8M keys, 140K ops/sec, memory: 1348 MB
2026-01-01 17:46:34.012 [INFO]   8M keys, 140K ops/sec, memory: 1373 MB
2026-01-01 17:46:35.012 [INFO]   8M keys, 145K ops/sec, memory: 1398 MB
2026-01-01 17:46:36.012 [INFO]   8M keys, 140K ops/sec, memory: 1423 MB
2026-01-01 17:46:37.013 [INFO]   8M keys, 140K ops/sec, memory: 1448 MB
2026-01-01 17:46:38.013 [INFO]   8M keys, 143K ops/sec, memory: 1473 MB
2026-01-01 17:46:39.013 [INFO]   8M keys, 141K ops/sec, memory: 1498 MB
2026-01-01 17:46:40.013 [INFO]   9M keys, 141K ops/sec, memory: 1523 MB
2026-01-01 17:46:41.013 [INFO]   9M keys, 141K ops/sec, memory: 1549 MB
2026-01-01 17:46:42.013 [INFO]   9M keys, 141K ops/sec, memory: 1574 MB
2026-01-01 17:46:43.013 [INFO]   9M keys, 141K ops/sec, memory: 1599 MB
2026-01-01 17:46:44.014 [INFO]   9M keys, 141K ops/sec, memory: 1624 MB
2026-01-01 17:46:45.014 [INFO]   9M keys, 139K ops/sec, memory: 1648 MB
2026-01-01 17:46:46.014 [INFO]   9M keys, 140K ops/sec, memory: 1673 MB
2026-01-01 17:46:47.014 [INFO]   10M keys, 140K ops/sec, memory: 1698 MB
2026-01-01 17:46:48.014 [INFO]   10M keys, 139K ops/sec, memory: 1723 MB
2026-01-01 17:46:49.014 [INFO]   10M keys, 143K ops/sec, memory: 1748 MB
2026-01-01 17:46:50.015 [INFO]   10M keys, 142K ops/sec, memory: 1774 MB
2026-01-01 17:46:51.015 [INFO]   10M keys, 142K ops/sec, memory: 1799 MB
2026-01-01 17:46:52.015 [INFO]   10M keys, 141K ops/sec, memory: 1824 MB
2026-01-01 17:46:53.015 [INFO]   10M keys, 144K ops/sec, memory: 1849 MB
2026-01-01 17:46:54.015 [INFO]   11M keys, 143K ops/sec, memory: 1875 MB
2026-01-01 17:46:55.015 [INFO]   11M keys, 142K ops/sec, memory: 1900 MB
2026-01-01 17:46:56.015 [INFO]   11M keys, 141K ops/sec, memory: 1925 MB
2026-01-01 17:46:57.016 [INFO]   11M keys, 139K ops/sec, memory: 1950 MB
2026-01-01 17:46:58.016 [INFO]   11M keys, 140K ops/sec, memory: 1975 MB
2026-01-01 17:46:59.016 [INFO]   11M keys, 143K ops/sec, memory: 2000 MB
2026-01-01 17:47:00.016 [INFO]   11M keys, 142K ops/sec, memory: 2025 MB
2026-01-01 17:47:01.016 [INFO]   12M keys, 141K ops/sec, memory: 2050 MB
2026-01-01 17:47:02.016 [INFO]   12M keys, 145K ops/sec, memory: 2076 MB
2026-01-01 17:47:03.016 [INFO]   12M keys, 145K ops/sec, memory: 2102 MB
2026-01-01 17:47:04.017 [INFO]   12M keys, 145K ops/sec, memory: 2128 MB
2026-01-01 17:47:05.017 [INFO]   12M keys, 141K ops/sec, memory: 2153 MB
2026-01-01 17:47:06.017 [INFO]   12M keys, 143K ops/sec, memory: 2178 MB
2026-01-01 17:47:07.017 [INFO]   12M keys, 143K ops/sec, memory: 2204 MB
2026-01-01 17:47:08.017 [INFO]   13M keys, 144K ops/sec, memory: 2229 MB
2026-01-01 17:47:09.018 [INFO]   13M keys, 145K ops/sec, memory: 2255 MB
2026-01-01 17:47:10.018 [INFO]   13M keys, 148K ops/sec, memory: 2281 MB
2026-01-01 17:47:11.018 [INFO]   13M keys, 150K ops/sec, memory: 2308 MB
2026-01-01 17:47:12.018 [INFO]   13M keys, 151K ops/sec, memory: 2335 MB
2026-01-01 17:47:13.018 [INFO]   13M keys, 148K ops/sec, memory: 2361 MB
2026-01-01 17:47:14.018 [INFO]   13M keys, 149K ops/sec, memory: 2388 MB
2026-01-01 17:47:15.018 [INFO]   14M keys, 148K ops/sec, memory: 2414 MB
2026-01-01 17:47:16.019 [INFO]   14M keys, 144K ops/sec, memory: 2440 MB
2026-01-01 17:47:17.019 [INFO]   14M keys, 148K ops/sec, memory: 2466 MB
2026-01-01 17:47:18.019 [INFO]   14M keys, 148K ops/sec, memory: 2492 MB
2026-01-01 17:47:19.019 [INFO]   14M keys, 150K ops/sec, memory: 2519 MB
2026-01-01 17:47:20.019 [INFO]   14M keys, 149K ops/sec, memory: 2545 MB
2026-01-01 17:47:21.019 [INFO]   14M keys, 149K ops/sec, memory: 2572 MB
2026-01-01 17:47:22.019 [INFO]   15M keys, 150K ops/sec, memory: 2599 MB
2026-01-01 17:47:23.020 [INFO]   15M keys, 149K ops/sec, memory: 2625 MB
2026-01-01 17:47:24.020 [INFO]   15M keys, 149K ops/sec, memory: 2652 MB
2026-01-01 17:47:25.020 [INFO]   15M keys, 149K ops/sec, memory: 2678 MB
2026-01-01 17:47:26.020 [INFO]   15M keys, 149K ops/sec, memory: 2705 MB
2026-01-01 17:47:27.020 [INFO]   15M keys, 150K ops/sec, memory: 2732 MB
2026-01-01 17:47:28.020 [INFO]   16M keys, 151K ops/sec, memory: 2758 MB
2026-01-01 17:47:29.021 [INFO]   16M keys, 149K ops/sec, memory: 2785 MB
2026-01-01 17:47:30.021 [INFO]   16M keys, 151K ops/sec, memory: 2812 MB
2026-01-01 17:47:31.021 [INFO]   16M keys, 149K ops/sec, memory: 2838 MB
2026-01-01 17:47:32.021 [INFO]   16M keys, 149K ops/sec, memory: 2865 MB
2026-01-01 17:47:33.021 [INFO]   16M keys, 147K ops/sec, memory: 2891 MB
2026-01-01 17:47:34.021 [INFO]   16M keys, 146K ops/sec, memory: 2917 MB
2026-01-01 17:47:35.021 [INFO]   17M keys, 147K ops/sec, memory: 2943 MB
2026-01-01 17:47:36.022 [INFO]   17M keys, 152K ops/sec, memory: 2970 MB
2026-01-01 17:47:37.022 [INFO]   17M keys, 151K ops/sec, memory: 2997 MB
2026-01-01 17:47:38.022 [INFO]   17M keys, 148K ops/sec, memory: 3024 MB
2026-01-01 17:47:39.022 [INFO]   17M keys, 149K ops/sec, memory: 3050 MB
2026-01-01 17:47:40.022 [INFO]   17M keys, 149K ops/sec, memory: 3077 MB
2026-01-01 17:47:41.022 [INFO]   17M keys, 149K ops/sec, memory: 3103 MB
2026-01-01 17:47:42.023 [INFO]   18M keys, 148K ops/sec, memory: 3129 MB
2026-01-01 17:47:43.023 [INFO]   18M keys, 149K ops/sec, memory: 3156 MB
2026-01-01 17:47:44.023 [INFO]   18M keys, 147K ops/sec, memory: 3182 MB
2026-01-01 17:47:45.023 [INFO]   18M keys, 147K ops/sec, memory: 3208 MB
2026-01-01 17:47:46.023 [INFO]   18M keys, 148K ops/sec, memory: 3235 MB
2026-01-01 17:47:47.023 [INFO]   18M keys, 148K ops/sec, memory: 3261 MB
2026-01-01 17:47:48.023 [INFO]   18M keys, 146K ops/sec, memory: 3287 MB
2026-01-01 17:47:49.024 [INFO]   19M keys, 146K ops/sec, memory: 3313 MB
2026-01-01 17:47:50.024 [INFO]   19M keys, 143K ops/sec, memory: 3339 MB
2026-01-01 17:47:51.024 [INFO]   19M keys, 139K ops/sec, memory: 3363 MB
2026-01-01 17:47:52.024 [INFO]   19M keys, 140K ops/sec, memory: 3388 MB
2026-01-01 17:47:53.024 [INFO]   19M keys, 141K ops/sec, memory: 3413 MB
2026-01-01 17:47:54.024 [INFO]   19M keys, 143K ops/sec, memory: 3439 MB
2026-01-01 17:47:55.024 [INFO]   19M keys, 142K ops/sec, memory: 3464 MB
2026-01-01 17:47:56.025 [INFO]   20M keys, 142K ops/sec, memory: 3489 MB
2026-01-01 17:47:57.025 [INFO]   20M keys, 143K ops/sec, memory: 3515 MB
2026-01-01 17:47:58.025 [INFO]   20M keys, 141K ops/sec, memory: 3540 MB
2026-01-01 17:47:59.025 [INFO]   20M keys, 143K ops/sec, memory: 3565 MB
2026-01-01 17:48:00.025 [INFO]   20M keys, 140K ops/sec, memory: 3590 MB
2026-01-01 17:48:01.025 [INFO]   20M keys, 141K ops/sec, memory: 3615 MB
2026-01-01 17:48:02.025 [INFO]   20M keys, 141K ops/sec, memory: 3641 MB
2026-01-01 17:48:03.026 [INFO]   21M keys, 145K ops/sec, memory: 3666 MB
2026-01-01 17:48:04.026 [INFO]   21M keys, 147K ops/sec, memory: 3693 MB
2026-01-01 17:48:05.027 [INFO]   21M keys, 143K ops/sec, memory: 3718 MB
2026-01-01 17:48:06.028 [INFO]   21M keys, 140K ops/sec, memory: 3743 MB
2026-01-01 17:48:07.028 [INFO]   21M keys, 143K ops/sec, memory: 3769 MB
2026-01-01 17:48:08.028 [INFO]   21M keys, 142K ops/sec, memory: 3794 MB
2026-01-01 17:48:09.028 [INFO]   21M keys, 142K ops/sec, memory: 3819 MB
2026-01-01 17:48:10.028 [INFO]   22M keys, 141K ops/sec, memory: 3844 MB
2026-01-01 17:48:11.028 [INFO]   22M keys, 139K ops/sec, memory: 3869 MB
2026-01-01 17:48:12.028 [INFO]   22M keys, 142K ops/sec, memory: 3894 MB
2026-01-01 17:48:13.029 [INFO]   22M keys, 139K ops/sec, memory: 3919 MB
2026-01-01 17:48:14.029 [INFO]   22M keys, 140K ops/sec, memory: 3944 MB
2026-01-01 17:48:15.029 [INFO]   22M keys, 139K ops/sec, memory: 3969 MB
2026-01-01 17:48:16.029 [INFO]   22M keys, 139K ops/sec, memory: 3993 MB
2026-01-01 17:48:17.029 [INFO]   23M keys, 139K ops/sec, memory: 4018 MB
2026-01-01 17:48:18.029 [INFO]   23M keys, 139K ops/sec, memory: 4043 MB
2026-01-01 17:48:19.029 [INFO]   23M keys, 142K ops/sec, memory: 4068 MB
2026-01-01 17:48:20.030 [INFO]   23M keys, 141K ops/sec, memory: 4093 MB
2026-01-01 17:48:21.030 [INFO]   23M keys, 138K ops/sec, memory: 4118 MB
2026-01-01 17:48:22.030 [INFO]   23M keys, 141K ops/sec, memory: 4143 MB
2026-01-01 17:48:23.030 [INFO]   23M keys, 140K ops/sec, memory: 4168 MB
2026-01-01 17:48:24.030 [INFO]   24M keys, 142K ops/sec, memory: 4193 MB
2026-01-01 17:48:25.030 [INFO]   24M keys, 142K ops/sec, memory: 4219 MB
2026-01-01 17:48:26.030 [INFO]   24M keys, 144K ops/sec, memory: 4244 MB
2026-01-01 17:48:27.031 [INFO]   24M keys, 144K ops/sec, memory: 4270 MB
2026-01-01 17:48:28.031 [INFO]   24M keys, 144K ops/sec, memory: 4295 MB
2026-01-01 17:48:29.031 [INFO]   24M keys, 143K ops/sec, memory: 4321 MB
2026-01-01 17:48:30.031 [INFO]   24M keys, 144K ops/sec, memory: 4346 MB
2026-01-01 17:48:31.031 [INFO]   25M keys, 143K ops/sec, memory: 4372 MB
2026-01-01 17:48:32.031 [INFO]   25M keys, 143K ops/sec, memory: 4397 MB
2026-01-01 17:48:33.031 [INFO]   25M keys, 143K ops/sec, memory: 4423 MB
2026-01-01 17:48:34.032 [INFO]   25M keys, 141K ops/sec, memory: 4448 MB
2026-01-01 17:48:35.032 [INFO]   25M keys, 145K ops/sec, memory: 4474 MB
2026-01-01 17:48:36.032 [INFO]   25M keys, 145K ops/sec, memory: 4500 MB
2026-01-01 17:48:37.032 [INFO]   25M keys, 145K ops/sec, memory: 4526 MB
2026-01-01 17:48:38.032 [INFO]   26M keys, 142K ops/sec, memory: 4551 MB
2026-01-01 17:48:39.032 [INFO]   26M keys, 141K ops/sec, memory: 4576 MB
2026-01-01 17:48:40.032 [INFO]   26M keys, 142K ops/sec, memory: 4601 MB
2026-01-01 17:48:41.033 [INFO]   26M keys, 141K ops/sec, memory: 4626 MB
2026-01-01 17:48:42.033 [INFO]   26M keys, 141K ops/sec, memory: 4652 MB
2026-01-01 17:48:43.033 [INFO]   26M keys, 140K ops/sec, memory: 4676 MB
2026-01-01 17:48:44.033 [INFO]   26M keys, 143K ops/sec, memory: 4702 MB
2026-01-01 17:48:45.033 [INFO]   27M keys, 141K ops/sec, memory: 4727 MB
2026-01-01 17:48:46.033 [INFO]   27M keys, 142K ops/sec, memory: 4752 MB
2026-01-01 17:48:47.033 [INFO]   27M keys, 140K ops/sec, memory: 4777 MB
2026-01-01 17:48:48.034 [INFO]   27M keys, 142K ops/sec, memory: 4802 MB
2026-01-01 17:48:49.034 [INFO]   27M keys, 143K ops/sec, memory: 4828 MB
2026-01-01 17:48:50.034 [INFO]   27M keys, 140K ops/sec, memory: 4853 MB
2026-01-01 17:48:51.034 [INFO]   27M keys, 140K ops/sec, memory: 4878 MB
2026-01-01 17:48:52.034 [INFO]   28M keys, 141K ops/sec, memory: 4903 MB
2026-01-01 17:48:53.034 [INFO]   28M keys, 141K ops/sec, memory: 4928 MB
2026-01-01 17:48:54.035 [INFO]   28M keys, 141K ops/sec, memory: 4953 MB
2026-01-01 17:48:55.035 [INFO]   28M keys, 141K ops/sec, memory: 4978 MB
2026-01-01 17:48:56.035 [INFO]   28M keys, 140K ops/sec, memory: 5003 MB
2026-01-01 17:48:57.035 [INFO]   28M keys, 142K ops/sec, memory: 5029 MB
2026-01-01 17:48:58.035 [INFO]   28M keys, 143K ops/sec, memory: 5054 MB
2026-01-01 17:48:59.035 [INFO]   29M keys, 141K ops/sec, memory: 5079 MB
2026-01-01 17:49:00.035 [INFO]   29M keys, 141K ops/sec, memory: 5104 MB
2026-01-01 17:49:01.036 [INFO]   29M keys, 140K ops/sec, memory: 5129 MB
2026-01-01 17:49:02.036 [INFO]   29M keys, 139K ops/sec, memory: 5154 MB
2026-01-01 17:49:03.036 [INFO]   29M keys, 139K ops/sec, memory: 5179 MB
2026-01-01 17:49:04.036 [INFO]   29M keys, 138K ops/sec, memory: 5203 MB
2026-01-01 17:49:05.036 [INFO]   29M keys, 139K ops/sec, memory: 5228 MB
2026-01-01 17:49:06.037 [INFO]   30M keys, 139K ops/sec, memory: 5253 MB
2026-01-01 17:49:07.037 [INFO]   30M keys, 141K ops/sec, memory: 5278 MB
2026-01-01 17:49:08.038 [INFO]   30M keys, 143K ops/sec, memory: 5304 MB
2026-01-01 17:49:09.038 [INFO]   30M keys, 142K ops/sec, memory: 5329 MB
2026-01-01 17:49:10.038 [INFO]   30M keys, 140K ops/sec, memory: 5354 MB
2026-01-01 17:49:11.038 [INFO]   30M keys, 144K ops/sec, memory: 5380 MB
2026-01-01 17:49:12.038 [INFO]   30M keys, 142K ops/sec, memory: 5405 MB
2026-01-01 17:49:13.038 [INFO]   31M keys, 144K ops/sec, memory: 5431 MB
2026-01-01 17:49:14.039 [INFO]   31M keys, 145K ops/sec, memory: 5456 MB
2026-01-01 17:49:15.039 [INFO]   31M keys, 141K ops/sec, memory: 5481 MB
2026-01-01 17:49:16.039 [INFO]   31M keys, 143K ops/sec, memory: 5507 MB
2026-01-01 17:49:17.039 [INFO]   31M keys, 142K ops/sec, memory: 5532 MB
2026-01-01 17:49:18.039 [INFO]   31M keys, 141K ops/sec, memory: 5557 MB
2026-01-01 17:49:19.039 [INFO]   31M keys, 141K ops/sec, memory: 5583 MB
2026-01-01 17:49:20.039 [INFO]   32M keys, 143K ops/sec, memory: 5608 MB
2026-01-01 17:49:21.040 [INFO]   32M keys, 143K ops/sec, memory: 5634 MB
2026-01-01 17:49:22.040 [INFO]   32M keys, 142K ops/sec, memory: 5659 MB
2026-01-01 17:49:23.040 [INFO]   32M keys, 142K ops/sec, memory: 5684 MB
2026-01-01 17:49:24.040 [INFO]   32M keys, 142K ops/sec, memory: 5709 MB
2026-01-01 17:49:25.040 [INFO]   32M keys, 143K ops/sec, memory: 5735 MB
2026-01-01 17:49:26.040 [INFO]   32M keys, 143K ops/sec, memory: 5760 MB
2026-01-01 17:49:27.040 [INFO]   33M keys, 141K ops/sec, memory: 5785 MB
2026-01-01 17:49:28.041 [INFO]   33M keys, 142K ops/sec, memory: 5811 MB
2026-01-01 17:49:29.041 [INFO]   33M keys, 142K ops/sec, memory: 5836 MB
2026-01-01 17:49:30.041 [INFO]   33M keys, 141K ops/sec, memory: 5861 MB
2026-01-01 17:49:31.041 [INFO]   33M keys, 143K ops/sec, memory: 5887 MB
2026-01-01 17:49:32.041 [INFO]   33M keys, 142K ops/sec, memory: 5912 MB
2026-01-01 17:49:33.041 [INFO]   33M keys, 141K ops/sec, memory: 5937 MB
2026-01-01 17:49:34.041 [INFO]   34M keys, 142K ops/sec, memory: 5963 MB
2026-01-01 17:49:35.042 [INFO]   34M keys, 144K ops/sec, memory: 5988 MB
2026-01-01 17:49:36.042 [INFO]   34M keys, 143K ops/sec, memory: 6014 MB
2026-01-01 17:49:37.042 [INFO]   34M keys, 144K ops/sec, memory: 6039 MB
2026-01-01 17:49:38.042 [INFO]   34M keys, 133K ops/sec, memory: 6063 MB
2026-01-01 17:49:39.042 [INFO]   34M keys, 139K ops/sec, memory: 6088 MB
2026-01-01 17:49:40.042 [INFO]   34M keys, 142K ops/sec, memory: 6113 MB
2026-01-01 17:49:41.042 [INFO]   34M keys, 141K ops/sec, memory: 6138 MB
2026-01-01 17:49:42.043 [INFO]   35M keys, 142K ops/sec, memory: 6164 MB
2026-01-01 17:49:43.043 [INFO]   35M keys, 143K ops/sec, memory: 6189 MB
2026-01-01 17:49:44.043 [INFO]   35M keys, 142K ops/sec, memory: 6214 MB
2026-01-01 17:49:45.043 [INFO]   35M keys, 142K ops/sec, memory: 6240 MB
2026-01-01 17:49:46.043 [INFO]   35M keys, 140K ops/sec, memory: 6265 MB
2026-01-01 17:49:47.043 [INFO]   35M keys, 142K ops/sec, memory: 6290 MB
2026-01-01 17:49:48.044 [INFO]   35M keys, 144K ops/sec, memory: 6316 MB
2026-01-01 17:49:49.044 [INFO]   36M keys, 144K ops/sec, memory: 6341 MB
2026-01-01 17:49:50.044 [INFO]   36M keys, 143K ops/sec, memory: 6367 MB
2026-01-01 17:49:51.044 [INFO]   36M keys, 144K ops/sec, memory: 6392 MB
2026-01-01 17:49:52.044 [INFO]   36M keys, 144K ops/sec, memory: 6418 MB
2026-01-01 17:49:53.044 [INFO]   36M keys, 142K ops/sec, memory: 6443 MB
2026-01-01 17:49:54.044 [INFO]   36M keys, 142K ops/sec, memory: 6469 MB
2026-01-01 17:49:55.045 [INFO]   36M keys, 144K ops/sec, memory: 6494 MB
2026-01-01 17:49:56.045 [INFO]   37M keys, 145K ops/sec, memory: 6520 MB
2026-01-01 17:49:57.045 [INFO]   37M keys, 141K ops/sec, memory: 6545 MB
2026-01-01 17:49:58.045 [INFO]   37M keys, 141K ops/sec, memory: 6570 MB
2026-01-01 17:49:59.045 [INFO]   37M keys, 140K ops/sec, memory: 6595 MB
2026-01-01 17:50:00.045 [INFO]   37M keys, 140K ops/sec, memory: 6620 MB
2026-01-01 17:50:01.045 [INFO]   37M keys, 139K ops/sec, memory: 6645 MB
2026-01-01 17:50:02.046 [INFO]   37M keys, 139K ops/sec, memory: 6670 MB
2026-01-01 17:50:03.046 [INFO]   38M keys, 141K ops/sec, memory: 6695 MB
2026-01-01 17:50:04.046 [INFO]   38M keys, 140K ops/sec, memory: 6720 MB
2026-01-01 17:50:05.046 [INFO]   38M keys, 141K ops/sec, memory: 6745 MB
2026-01-01 17:50:06.046 [INFO]   38M keys, 140K ops/sec, memory: 6770 MB
2026-01-01 17:50:07.046 [INFO]   38M keys, 140K ops/sec, memory: 6795 MB
2026-01-01 17:50:08.046 [INFO]   38M keys, 140K ops/sec, memory: 6820 MB
2026-01-01 17:50:09.047 [INFO]   38M keys, 141K ops/sec, memory: 6845 MB
2026-01-01 17:50:10.047 [INFO]   39M keys, 139K ops/sec, memory: 6870 MB
2026-01-01 17:50:11.047 [INFO]   39M keys, 141K ops/sec, memory: 6895 MB
2026-01-01 17:50:12.047 [INFO]   39M keys, 141K ops/sec, memory: 6920 MB
2026-01-01 17:50:13.047 [INFO]   39M keys, 141K ops/sec, memory: 6945 MB
2026-01-01 17:50:14.047 [INFO]   39M keys, 140K ops/sec, memory: 6970 MB
2026-01-01 17:50:15.047 [INFO]   39M keys, 141K ops/sec, memory: 6995 MB
2026-01-01 17:50:16.048 [INFO]   39M keys, 141K ops/sec, memory: 7020 MB
2026-01-01 17:50:17.048 [INFO]   40M keys, 142K ops/sec, memory: 7046 MB
2026-01-01 17:50:18.048 [INFO]   40M keys, 142K ops/sec, memory: 7071 MB
2026-01-01 17:50:19.048 [INFO]   40M keys, 144K ops/sec, memory: 7097 MB
2026-01-01 17:50:20.048 [INFO]   40M keys, 141K ops/sec, memory: 7122 MB
2026-01-01 17:50:21.048 [INFO]   40M keys, 142K ops/sec, memory: 7147 MB
2026-01-01 17:50:22.049 [INFO]   40M keys, 142K ops/sec, memory: 7172 MB
2026-01-01 17:50:23.049 [INFO]   40M keys, 142K ops/sec, memory: 7198 MB
2026-01-01 17:50:24.049 [INFO]   41M keys, 142K ops/sec, memory: 7223 MB
2026-01-01 17:50:25.049 [INFO]   41M keys, 144K ops/sec, memory: 7249 MB
2026-01-01 17:50:26.049 [INFO]   41M keys, 146K ops/sec, memory: 7275 MB
2026-01-01 17:50:27.049 [INFO]   41M keys, 144K ops/sec, memory: 7301 MB
2026-01-01 17:50:28.049 [INFO]   41M keys, 145K ops/sec, memory: 7326 MB
2026-01-01 17:50:29.050 [INFO]   41M keys, 143K ops/sec, memory: 7352 MB
2026-01-01 17:50:30.050 [INFO]   41M keys, 145K ops/sec, memory: 7378 MB
2026-01-01 17:50:31.050 [INFO]   42M keys, 144K ops/sec, memory: 7403 MB
2026-01-01 17:50:32.050 [INFO]   42M keys, 142K ops/sec, memory: 7429 MB
2026-01-01 17:50:33.050 [INFO]   42M keys, 144K ops/sec, memory: 7454 MB
2026-01-01 17:50:34.050 [INFO]   42M keys, 145K ops/sec, memory: 7480 MB
2026-01-01 17:50:35.050 [INFO]   42M keys, 145K ops/sec, memory: 7506 MB
2026-01-01 17:50:36.051 [INFO]   42M keys, 144K ops/sec, memory: 7532 MB
2026-01-01 17:50:37.051 [INFO]   42M keys, 143K ops/sec, memory: 7557 MB
2026-01-01 17:50:38.051 [INFO]   43M keys, 143K ops/sec, memory: 7583 MB
2026-01-01 17:50:39.051 [INFO]   43M keys, 144K ops/sec, memory: 7608 MB
2026-01-01 17:50:40.051 [INFO]   43M keys, 142K ops/sec, memory: 7634 MB
2026-01-01 17:50:41.051 [INFO]   43M keys, 145K ops/sec, memory: 7659 MB
2026-01-01 17:50:42.052 [INFO]   43M keys, 145K ops/sec, memory: 7685 MB
2026-01-01 17:50:43.052 [INFO]   43M keys, 148K ops/sec, memory: 7712 MB
2026-01-01 17:50:44.052 [INFO]   43M keys, 145K ops/sec, memory: 7738 MB
2026-01-01 17:50:45.052 [INFO]   44M keys, 143K ops/sec, memory: 7763 MB
2026-01-01 17:50:46.052 [INFO]   44M keys, 145K ops/sec, memory: 7789 MB
2026-01-01 17:50:47.052 [INFO]   44M keys, 145K ops/sec, memory: 7815 MB
2026-01-01 17:50:48.052 [INFO]   44M keys, 148K ops/sec, memory: 7841 MB
2026-01-01 17:50:49.053 [INFO]   44M keys, 143K ops/sec, memory: 7866 MB
2026-01-01 17:50:50.053 [INFO]   44M keys, 142K ops/sec, memory: 7892 MB
2026-01-01 17:50:51.053 [INFO]   44M keys, 145K ops/sec, memory: 7917 MB
2026-01-01 17:50:52.053 [INFO]   45M keys, 144K ops/sec, memory: 7943 MB
2026-01-01 17:50:53.053 [INFO]   45M keys, 142K ops/sec, memory: 7968 MB
2026-01-01 17:50:54.053 [INFO]   45M keys, 143K ops/sec, memory: 7994 MB
2026-01-01 17:50:55.053 [INFO]   45M keys, 143K ops/sec, memory: 8019 MB
2026-01-01 17:50:56.054 [INFO]   45M keys, 143K ops/sec, memory: 8045 MB
2026-01-01 17:50:57.054 [INFO]   45M keys, 143K ops/sec, memory: 8070 MB
2026-01-01 17:50:58.054 [INFO]   45M keys, 141K ops/sec, memory: 8095 MB
2026-01-01 17:50:59.054 [INFO]   46M keys, 142K ops/sec, memory: 8121 MB
2026-01-01 17:51:00.054 [INFO]   46M keys, 143K ops/sec, memory: 8146 MB
2026-01-01 17:51:01.054 [INFO]   46M keys, 144K ops/sec, memory: 8172 MB
2026-01-01 17:51:02.055 [INFO]   46M keys, 142K ops/sec, memory: 8197 MB
2026-01-01 17:51:03.055 [INFO]   46M keys, 142K ops/sec, memory: 8222 MB
2026-01-01 17:51:04.055 [INFO]   46M keys, 145K ops/sec, memory: 8248 MB
2026-01-01 17:51:05.055 [INFO]   46M keys, 145K ops/sec, memory: 8274 MB
2026-01-01 17:51:06.055 [INFO]   47M keys, 143K ops/sec, memory: 8300 MB
2026-01-01 17:51:07.055 [INFO]   47M keys, 143K ops/sec, memory: 8325 MB
2026-01-01 17:51:08.056 [INFO]   47M keys, 142K ops/sec, memory: 8351 MB
2026-01-01 17:51:09.056 [INFO]   47M keys, 144K ops/sec, memory: 8376 MB
2026-01-01 17:51:10.056 [INFO]   47M keys, 142K ops/sec, memory: 8402 MB
2026-01-01 17:51:11.056 [INFO]   47M keys, 141K ops/sec, memory: 8427 MB
2026-01-01 17:51:12.056 [INFO]   47M keys, 142K ops/sec, memory: 8452 MB
2026-01-01 17:51:13.056 [INFO]   48M keys, 142K ops/sec, memory: 8477 MB
2026-01-01 17:51:14.056 [INFO]   48M keys, 140K ops/sec, memory: 8502 MB
2026-01-01 17:51:15.057 [INFO]   48M keys, 142K ops/sec, memory: 8527 MB
2026-01-01 17:51:16.057 [INFO]   48M keys, 145K ops/sec, memory: 8553 MB
2026-01-01 17:51:17.057 [INFO]   48M keys, 145K ops/sec, memory: 8579 MB
2026-01-01 17:51:18.057 [INFO]   48M keys, 143K ops/sec, memory: 8605 MB
2026-01-01 17:51:19.057 [INFO]   48M keys, 146K ops/sec, memory: 8631 MB
2026-01-01 17:51:20.057 [INFO]   49M keys, 143K ops/sec, memory: 8656 MB
2026-01-01 17:51:21.057 [INFO]   49M keys, 144K ops/sec, memory: 8682 MB
2026-01-01 17:51:22.058 [INFO]   49M keys, 146K ops/sec, memory: 8708 MB
2026-01-01 17:51:23.058 [INFO]   49M keys, 146K ops/sec, memory: 8734 MB
2026-01-01 17:51:24.058 [INFO]   49M keys, 149K ops/sec, memory: 8760 MB
2026-01-01 17:51:25.058 [INFO]   49M keys, 146K ops/sec, memory: 8786 MB
2026-01-01 17:51:26.058 [INFO]   49M keys, 142K ops/sec, memory: 8812 MB
2026-01-01 17:51:27.058 [INFO]   50M keys, 142K ops/sec, memory: 8837 MB
2026-01-01 17:51:28.058 [INFO]   50M keys, 144K ops/sec, memory: 8863 MB
2026-01-01 17:51:29.059 [INFO]   50M keys, 144K ops/sec, memory: 8889 MB
2026-01-01 17:51:30.059 [INFO]   50M keys, 145K ops/sec, memory: 8914 MB
2026-01-01 17:51:31.059 [INFO]   50M keys, 145K ops/sec, memory: 8940 MB
2026-01-01 17:51:32.059 [INFO]   50M keys, 147K ops/sec, memory: 8966 MB
2026-01-01 17:51:33.059 [INFO]   51M keys, 144K ops/sec, memory: 8992 MB
2026-01-01 17:51:34.059 [INFO]   51M keys, 143K ops/sec, memory: 9018 MB
2026-01-01 17:51:35.059 [INFO]   51M keys, 143K ops/sec, memory: 9043 MB
2026-01-01 17:51:36.060 [INFO]   51M keys, 141K ops/sec, memory: 9068 MB
2026-01-01 17:51:37.060 [INFO]   51M keys, 141K ops/sec, memory: 9093 MB
2026-01-01 17:51:38.060 [INFO]   51M keys, 143K ops/sec, memory: 9119 MB
2026-01-01 17:51:39.060 [INFO]   51M keys, 141K ops/sec, memory: 9144 MB
2026-01-01 17:51:40.060 [INFO]   52M keys, 144K ops/sec, memory: 9170 MB
2026-01-01 17:51:41.060 [INFO]   52M keys, 143K ops/sec, memory: 9195 MB
2026-01-01 17:51:42.060 [INFO]   52M keys, 144K ops/sec, memory: 9221 MB
2026-01-01 17:51:43.061 [INFO]   52M keys, 145K ops/sec, memory: 9247 MB
2026-01-01 17:51:44.061 [INFO]   52M keys, 143K ops/sec, memory: 9273 MB
2026-01-01 17:51:45.061 [INFO]   52M keys, 141K ops/sec, memory: 9298 MB
2026-01-01 17:51:46.061 [INFO]   52M keys, 140K ops/sec, memory: 9323 MB
2026-01-01 17:51:47.061 [INFO]   53M keys, 144K ops/sec, memory: 9348 MB
2026-01-01 17:51:48.061 [INFO]   53M keys, 143K ops/sec, memory: 9374 MB
2026-01-01 17:51:49.061 [INFO]   53M keys, 142K ops/sec, memory: 9399 MB
2026-01-01 17:51:50.062 [INFO]   53M keys, 143K ops/sec, memory: 9425 MB
2026-01-01 17:51:51.062 [INFO]   53M keys, 142K ops/sec, memory: 9450 MB
2026-01-01 17:51:52.062 [INFO]   53M keys, 144K ops/sec, memory: 9476 MB
2026-01-01 17:51:53.062 [INFO]   53M keys, 141K ops/sec, memory: 9501 MB
2026-01-01 17:51:54.062 [INFO]   54M keys, 142K ops/sec, memory: 9526 MB
2026-01-01 17:51:55.062 [INFO]   54M keys, 142K ops/sec, memory: 9552 MB
2026-01-01 17:51:56.063 [INFO]   54M keys, 142K ops/sec, memory: 9577 MB
2026-01-01 17:51:57.063 [INFO]   54M keys, 142K ops/sec, memory: 9602 MB
2026-01-01 17:51:58.063 [INFO]   54M keys, 144K ops/sec, memory: 9628 MB
2026-01-01 17:51:59.063 [INFO]   54M keys, 144K ops/sec, memory: 9654 MB
2026-01-01 17:52:00.063 [INFO]   54M keys, 142K ops/sec, memory: 9679 MB
2026-01-01 17:52:01.063 [INFO]   55M keys, 143K ops/sec, memory: 9704 MB
2026-01-01 17:52:02.063 [INFO]   55M keys, 144K ops/sec, memory: 9730 MB
2026-01-01 17:52:03.064 [INFO]   55M keys, 143K ops/sec, memory: 9755 MB
2026-01-01 17:52:04.064 [INFO]   55M keys, 142K ops/sec, memory: 9781 MB
2026-01-01 17:52:05.064 [INFO]   55M keys, 141K ops/sec, memory: 9806 MB
2026-01-01 17:52:06.064 [INFO]   55M keys, 141K ops/sec, memory: 9831 MB
2026-01-01 17:52:07.064 [INFO]   55M keys, 141K ops/sec, memory: 9856 MB
2026-01-01 17:52:08.064 [INFO]   55M keys, 143K ops/sec, memory: 9882 MB
2026-01-01 17:52:09.064 [INFO]   56M keys, 141K ops/sec, memory: 9907 MB
2026-01-01 17:52:10.065 [INFO]   56M keys, 143K ops/sec, memory: 9932 MB
2026-01-01 17:52:11.065 [INFO]   56M keys, 144K ops/sec, memory: 9958 MB
2026-01-01 17:52:12.065 [INFO]   56M keys, 145K ops/sec, memory: 9984 MB
2026-01-01 17:52:13.065 [INFO]   56M keys, 143K ops/sec, memory: 10009 MB
2026-01-01 17:52:14.065 [INFO]   56M keys, 140K ops/sec, memory: 10034 MB
2026-01-01 17:52:15.065 [INFO]   56M keys, 142K ops/sec, memory: 10060 MB
2026-01-01 17:52:16.065 [INFO]   57M keys, 140K ops/sec, memory: 10085 MB
2026-01-01 17:52:17.066 [INFO]   57M keys, 142K ops/sec, memory: 10110 MB
2026-01-01 17:52:18.066 [INFO]   57M keys, 142K ops/sec, memory: 10135 MB
2026-01-01 17:52:19.066 [INFO]   57M keys, 142K ops/sec, memory: 10161 MB
2026-01-01 17:52:20.066 [INFO]   57M keys, 141K ops/sec, memory: 10186 MB
2026-01-01 17:52:21.066 [INFO]   57M keys, 141K ops/sec, memory: 10211 MB
2026-01-01 17:52:22.066 [INFO]   57M keys, 140K ops/sec, memory: 10236 MB
2026-01-01 17:52:23.066 [INFO]   58M keys, 140K ops/sec, memory: 10261 MB
2026-01-01 17:52:24.067 [INFO]   58M keys, 141K ops/sec, memory: 10286 MB
2026-01-01 17:52:25.067 [INFO]   58M keys, 142K ops/sec, memory: 10311 MB
2026-01-01 17:52:26.067 [INFO]   58M keys, 143K ops/sec, memory: 10337 MB
2026-01-01 17:52:27.067 [INFO]   58M keys, 143K ops/sec, memory: 10362 MB
2026-01-01 17:52:28.067 [INFO]   58M keys, 143K ops/sec, memory: 10388 MB
2026-01-01 17:52:29.067 [INFO]   58M keys, 143K ops/sec, memory: 10413 MB
2026-01-01 17:52:30.067 [INFO]   59M keys, 143K ops/sec, memory: 10439 MB
2026-01-01 17:52:31.068 [INFO]   59M keys, 142K ops/sec, memory: 10464 MB
2026-01-01 17:52:32.068 [INFO]   59M keys, 142K ops/sec, memory: 10489 MB
2026-01-01 17:52:33.068 [INFO]   59M keys, 143K ops/sec, memory: 10515 MB
2026-01-01 17:52:34.068 [INFO]   59M keys, 143K ops/sec, memory: 10540 MB
2026-01-01 17:52:35.068 [INFO]   59M keys, 144K ops/sec, memory: 10566 MB
2026-01-01 17:52:36.068 [INFO]   59M keys, 145K ops/sec, memory: 10592 MB
2026-01-01 17:52:37.068 [INFO]   60M keys, 143K ops/sec, memory: 10617 MB
2026-01-01 17:52:38.069 [INFO]   60M keys, 141K ops/sec, memory: 10642 MB
2026-01-01 17:52:39.069 [INFO]   60M keys, 143K ops/sec, memory: 10668 MB
2026-01-01 17:52:40.069 [INFO]   60M keys, 142K ops/sec, memory: 10693 MB
2026-01-01 17:52:41.069 [INFO]   60M keys, 144K ops/sec, memory: 10719 MB
2026-01-01 17:52:42.069 [INFO]   60M keys, 143K ops/sec, memory: 10744 MB
2026-01-01 17:52:43.069 [INFO]   60M keys, 145K ops/sec, memory: 10770 MB
2026-01-01 17:52:44.069 [INFO]   61M keys, 149K ops/sec, memory: 10797 MB
2026-01-01 17:52:45.070 [INFO]   61M keys, 147K ops/sec, memory: 10823 MB
2026-01-01 17:52:46.070 [INFO]   61M keys, 148K ops/sec, memory: 10849 MB
2026-01-01 17:52:47.070 [INFO]   61M keys, 145K ops/sec, memory: 10875 MB
2026-01-01 17:52:48.070 [INFO]   61M keys, 144K ops/sec, memory: 10901 MB
2026-01-01 17:52:49.070 [INFO]   61M keys, 146K ops/sec, memory: 10927 MB
2026-01-01 17:52:50.070 [INFO]   62M keys, 145K ops/sec, memory: 10953 MB
2026-01-01 17:52:51.071 [INFO]   62M keys, 144K ops/sec, memory: 10978 MB
2026-01-01 17:52:52.071 [INFO]   62M keys, 144K ops/sec, memory: 11004 MB
2026-01-01 17:52:53.071 [INFO]   62M keys, 143K ops/sec, memory: 11030 MB
2026-01-01 17:52:54.071 [INFO]   62M keys, 143K ops/sec, memory: 11055 MB
2026-01-01 17:52:55.071 [INFO]   62M keys, 143K ops/sec, memory: 11081 MB
2026-01-01 17:52:56.071 [INFO]   62M keys, 143K ops/sec, memory: 11106 MB
2026-01-01 17:52:57.071 [INFO]   63M keys, 141K ops/sec, memory: 11131 MB
2026-01-01 17:52:58.072 [INFO]   63M keys, 144K ops/sec, memory: 11157 MB
2026-01-01 17:52:59.072 [INFO]   63M keys, 142K ops/sec, memory: 11183 MB
2026-01-01 17:53:00.072 [INFO]   63M keys, 145K ops/sec, memory: 11208 MB
2026-01-01 17:53:01.072 [INFO]   63M keys, 142K ops/sec, memory: 11234 MB
2026-01-01 17:53:02.072 [INFO]   63M keys, 144K ops/sec, memory: 11259 MB
2026-01-01 17:53:03.072 [INFO]   63M keys, 142K ops/sec, memory: 11285 MB
2026-01-01 17:53:04.072 [INFO]   64M keys, 143K ops/sec, memory: 11310 MB
2026-01-01 17:53:05.073 [INFO]   64M keys, 144K ops/sec, memory: 11336 MB
2026-01-01 17:53:06.073 [INFO]   64M keys, 144K ops/sec, memory: 11361 MB
2026-01-01 17:53:07.073 [INFO]   64M keys, 144K ops/sec, memory: 11387 MB
2026-01-01 17:53:08.073 [INFO]   64M keys, 144K ops/sec, memory: 11413 MB
2026-01-01 17:53:09.073 [INFO]   64M keys, 144K ops/sec, memory: 11439 MB
2026-01-01 17:53:10.073 [INFO]   64M keys, 143K ops/sec, memory: 11464 MB
2026-01-01 17:53:11.074 [INFO]   65M keys, 146K ops/sec, memory: 11490 MB
2026-01-01 17:53:12.074 [INFO]   65M keys, 146K ops/sec, memory: 11516 MB
2026-01-01 17:53:13.074 [INFO]   65M keys, 146K ops/sec, memory: 11542 MB
2026-01-01 17:53:14.074 [INFO]   65M keys, 146K ops/sec, memory: 11568 MB
2026-01-01 17:53:15.074 [INFO]   65M keys, 143K ops/sec, memory: 11594 MB
2026-01-01 17:53:16.074 [INFO]   65M keys, 143K ops/sec, memory: 11619 MB
2026-01-01 17:53:17.074 [INFO]   65M keys, 144K ops/sec, memory: 11645 MB
2026-01-01 17:53:18.075 [INFO]   66M keys, 145K ops/sec, memory: 11671 MB
2026-01-01 17:53:19.075 [INFO]   66M keys, 147K ops/sec, memory: 11697 MB
2026-01-01 17:53:20.075 [INFO]   66M keys, 144K ops/sec, memory: 11723 MB
2026-01-01 17:53:21.075 [INFO]   66M keys, 145K ops/sec, memory: 11749 MB
2026-01-01 17:53:22.075 [INFO]   66M keys, 144K ops/sec, memory: 11775 MB
2026-01-01 17:53:23.075 [INFO]   66M keys, 145K ops/sec, memory: 11800 MB
2026-01-01 17:53:24.075 [INFO]   66M keys, 145K ops/sec, memory: 11826 MB
2026-01-01 17:53:25.076 [INFO]   67M keys, 145K ops/sec, memory: 11852 MB
2026-01-01 17:53:26.076 [INFO]   67M keys, 145K ops/sec, memory: 11878 MB
2026-01-01 17:53:27.076 [INFO]   67M keys, 144K ops/sec, memory: 11904 MB
2026-01-01 17:53:28.076 [INFO]   67M keys, 146K ops/sec, memory: 11930 MB
2026-01-01 17:53:29.076 [INFO]   67M keys, 145K ops/sec, memory: 11955 MB
2026-01-01 17:53:30.076 [INFO]   67M keys, 145K ops/sec, memory: 11981 MB
2026-01-01 17:53:31.076 [INFO]   67M keys, 143K ops/sec, memory: 12007 MB
2026-01-01 17:53:32.077 [INFO]   68M keys, 145K ops/sec, memory: 12033 MB
2026-01-01 17:53:33.077 [INFO]   68M keys, 148K ops/sec, memory: 12059 MB
2026-01-01 17:53:34.077 [INFO]   68M keys, 150K ops/sec, memory: 12086 MB
2026-01-01 17:53:35.077 [INFO]   68M keys, 148K ops/sec, memory: 12112 MB
2026-01-01 17:53:36.077 [INFO]   68M keys, 149K ops/sec, memory: 12139 MB
2026-01-01 17:53:37.077 [INFO]   68M keys, 143K ops/sec, memory: 12164 MB
2026-01-01 17:53:38.078 [INFO]   68M keys, 145K ops/sec, memory: 12190 MB
2026-01-01 17:53:39.078 [INFO]   69M keys, 144K ops/sec, memory: 12216 MB
2026-01-01 17:53:40.078 [INFO]   69M keys, 143K ops/sec, memory: 12242 MB
2026-01-01 17:53:41.078 [INFO]   69M keys, 144K ops/sec, memory: 12267 MB
2026-01-01 17:53:42.078 [INFO]   69M keys, 142K ops/sec, memory: 12292 MB
2026-01-01 17:53:43.078 [INFO]   69M keys, 143K ops/sec, memory: 12318 MB
2026-01-01 17:53:44.078 [INFO]   69M keys, 143K ops/sec, memory: 12343 MB
2026-01-01 17:53:45.079 [INFO]   69M keys, 144K ops/sec, memory: 12369 MB
2026-01-01 17:53:46.079 [INFO]   70M keys, 128K ops/sec, memory: 12392 MB
2026-01-01 17:53:47.079 [INFO]   70M keys, 144K ops/sec, memory: 12418 MB
2026-01-01 17:53:48.079 [INFO]   70M keys, 145K ops/sec, memory: 12444 MB
2026-01-01 17:53:49.079 [INFO]   70M keys, 143K ops/sec, memory: 12469 MB
2026-01-01 17:53:50.079 [INFO]   70M keys, 144K ops/sec, memory: 12495 MB
2026-01-01 17:53:51.079 [INFO]   70M keys, 141K ops/sec, memory: 12520 MB
2026-01-01 17:53:52.080 [INFO]   70M keys, 141K ops/sec, memory: 12545 MB
2026-01-01 17:53:53.080 [INFO]   71M keys, 143K ops/sec, memory: 12571 MB
2026-01-01 17:53:54.080 [INFO]   71M keys, 144K ops/sec, memory: 12596 MB
2026-01-01 17:53:55.080 [INFO]   71M keys, 142K ops/sec, memory: 12622 MB
2026-01-01 17:53:56.080 [INFO]   71M keys, 145K ops/sec, memory: 12648 MB
2026-01-01 17:53:57.080 [INFO]   71M keys, 145K ops/sec, memory: 12673 MB
2026-01-01 17:53:58.080 [INFO]   71M keys, 142K ops/sec, memory: 12699 MB
2026-01-01 17:53:59.081 [INFO]   71M keys, 144K ops/sec, memory: 12725 MB
2026-01-01 17:54:00.081 [INFO]   72M keys, 142K ops/sec, memory: 12750 MB
2026-01-01 17:54:01.081 [INFO]   72M keys, 145K ops/sec, memory: 12776 MB
2026-01-01 17:54:02.081 [INFO]   72M keys, 143K ops/sec, memory: 12801 MB
2026-01-01 17:54:03.081 [INFO]   72M keys, 143K ops/sec, memory: 12827 MB
2026-01-01 17:54:04.081 [INFO]   72M keys, 141K ops/sec, memory: 12852 MB
2026-01-01 17:54:05.081 [INFO]   72M keys, 140K ops/sec, memory: 12877 MB
2026-01-01 17:54:06.082 [INFO]   72M keys, 142K ops/sec, memory: 12902 MB
2026-01-01 17:54:07.082 [INFO]   73M keys, 140K ops/sec, memory: 12927 MB
2026-01-01 17:54:08.082 [INFO]   73M keys, 141K ops/sec, memory: 12953 MB
2026-01-01 17:54:09.082 [INFO]   73M keys, 140K ops/sec, memory: 12978 MB
2026-01-01 17:54:10.082 [INFO]   73M keys, 141K ops/sec, memory: 13003 MB
2026-01-01 17:54:11.082 [INFO]   73M keys, 138K ops/sec, memory: 13027 MB
2026-01-01 17:54:12.082 [INFO]   73M keys, 142K ops/sec, memory: 13053 MB
2026-01-01 17:54:13.083 [INFO]   73M keys, 140K ops/sec, memory: 13078 MB
2026-01-01 17:54:14.083 [INFO]   74M keys, 142K ops/sec, memory: 13103 MB
2026-01-01 17:54:15.083 [INFO]   74M keys, 142K ops/sec, memory: 13128 MB
2026-01-01 17:54:16.083 [INFO]   74M keys, 143K ops/sec, memory: 13154 MB
2026-01-01 17:54:17.083 [INFO]   74M keys, 141K ops/sec, memory: 13179 MB
2026-01-01 17:54:18.083 [INFO]   74M keys, 142K ops/sec, memory: 13204 MB
2026-01-01 17:54:19.083 [INFO]   74M keys, 143K ops/sec, memory: 13230 MB
2026-01-01 17:54:20.084 [INFO]   74M keys, 145K ops/sec, memory: 13256 MB
2026-01-01 17:54:21.084 [INFO]   75M keys, 143K ops/sec, memory: 13281 MB
2026-01-01 17:54:22.084 [INFO]   75M keys, 143K ops/sec, memory: 13307 MB
2026-01-01 17:54:23.084 [INFO]   75M keys, 144K ops/sec, memory: 13333 MB
2026-01-01 17:54:24.084 [INFO]   75M keys, 147K ops/sec, memory: 13359 MB
2026-01-01 17:54:25.084 [INFO]   75M keys, 146K ops/sec, memory: 13385 MB
2026-01-01 17:54:26.084 [INFO]   75M keys, 146K ops/sec, memory: 13411 MB
2026-01-01 17:54:27.085 [INFO]   75M keys, 145K ops/sec, memory: 13437 MB
2026-01-01 17:54:28.085 [INFO]   76M keys, 147K ops/sec, memory: 13463 MB
2026-01-01 17:54:29.085 [INFO]   76M keys, 147K ops/sec, memory: 13489 MB
2026-01-01 17:54:30.085 [INFO]   76M keys, 145K ops/sec, memory: 13515 MB
2026-01-01 17:54:31.085 [INFO]   76M keys, 146K ops/sec, memory: 13541 MB
2026-01-01 17:54:32.085 [INFO]   76M keys, 146K ops/sec, memory: 13567 MB
2026-01-01 17:54:33.085 [INFO]   76M keys, 146K ops/sec, memory: 13593 MB
2026-01-01 17:54:34.086 [INFO]   76M keys, 148K ops/sec, memory: 13620 MB
2026-01-01 17:54:35.086 [INFO]   77M keys, 146K ops/sec, memory: 13646 MB
2026-01-01 17:54:36.086 [INFO]   77M keys, 146K ops/sec, memory: 13672 MB
2026-01-01 17:54:37.086 [INFO]   77M keys, 145K ops/sec, memory: 13698 MB
2026-01-01 17:54:38.086 [INFO]   77M keys, 146K ops/sec, memory: 13724 MB
2026-01-01 17:54:39.086 [INFO]   77M keys, 148K ops/sec, memory: 13750 MB
2026-01-01 17:54:40.086 [INFO]   77M keys, 149K ops/sec, memory: 13777 MB
2026-01-01 17:54:41.087 [INFO]   77M keys, 148K ops/sec, memory: 13803 MB
2026-01-01 17:54:42.087 [INFO]   78M keys, 148K ops/sec, memory: 13830 MB
2026-01-01 17:54:43.087 [INFO]   78M keys, 149K ops/sec, memory: 13856 MB
2026-01-01 17:54:44.087 [INFO]   78M keys, 146K ops/sec, memory: 13882 MB
2026-01-01 17:54:45.087 [INFO]   78M keys, 145K ops/sec, memory: 13908 MB
2026-01-01 17:54:46.087 [INFO]   78M keys, 147K ops/sec, memory: 13935 MB
2026-01-01 17:54:47.087 [INFO]   78M keys, 146K ops/sec, memory: 13961 MB
2026-01-01 17:54:48.088 [INFO]   79M keys, 145K ops/sec, memory: 13986 MB
2026-01-01 17:54:49.088 [INFO]   79M keys, 145K ops/sec, memory: 14012 MB
2026-01-01 17:54:50.088 [INFO]   79M keys, 146K ops/sec, memory: 14038 MB
2026-01-01 17:54:51.088 [INFO]   79M keys, 145K ops/sec, memory: 14064 MB
2026-01-01 17:54:52.088 [INFO]   79M keys, 145K ops/sec, memory: 14090 MB
2026-01-01 17:54:53.088 [INFO]   79M keys, 147K ops/sec, memory: 14116 MB
2026-01-01 17:54:54.088 [INFO]   79M keys, 147K ops/sec, memory: 14143 MB
2026-01-01 17:54:55.089 [INFO]   80M keys, 145K ops/sec, memory: 14169 MB
2026-01-01 17:54:56.089 [INFO]   80M keys, 149K ops/sec, memory: 14195 MB
2026-01-01 17:54:57.089 [INFO]   80M keys, 147K ops/sec, memory: 14221 MB
2026-01-01 17:54:58.089 [INFO]   80M keys, 147K ops/sec, memory: 14248 MB
2026-01-01 17:54:59.089 [INFO]   80M keys, 146K ops/sec, memory: 14274 MB
2026-01-01 17:55:00.089 [INFO]   80M keys, 144K ops/sec, memory: 14299 MB
2026-01-01 17:55:01.089 [INFO]   80M keys, 144K ops/sec, memory: 14325 MB
2026-01-01 17:55:02.090 [INFO]   81M keys, 146K ops/sec, memory: 14351 MB
2026-01-01 17:55:03.090 [INFO]   81M keys, 144K ops/sec, memory: 14377 MB
2026-01-01 17:55:04.090 [INFO]   81M keys, 146K ops/sec, memory: 14403 MB
2026-01-01 17:55:05.090 [INFO]   81M keys, 145K ops/sec, memory: 14429 MB
2026-01-01 17:55:06.090 [INFO]   81M keys, 143K ops/sec, memory: 14454 MB
2026-01-01 17:55:07.090 [INFO]   81M keys, 147K ops/sec, memory: 14480 MB
2026-01-01 17:55:08.090 [INFO]   81M keys, 143K ops/sec, memory: 14506 MB
2026-01-01 17:55:09.091 [INFO]   82M keys, 141K ops/sec, memory: 14531 MB
2026-01-01 17:55:10.091 [INFO]   82M keys, 144K ops/sec, memory: 14557 MB
2026-01-01 17:55:11.091 [INFO]   82M keys, 149K ops/sec, memory: 14583 MB
2026-01-01 17:55:12.091 [INFO]   82M keys, 167K ops/sec, memory: 14613 MB
2026-01-01 17:55:13.091 [INFO]   82M keys, 165K ops/sec, memory: 14643 MB
2026-01-01 17:55:14.091 [INFO]   82M keys, 165K ops/sec, memory: 14672 MB
2026-01-01 17:55:15.091 [INFO]   83M keys, 167K ops/sec, memory: 14702 MB
2026-01-01 17:55:16.092 [INFO]   83M keys, 167K ops/sec, memory: 14732 MB
2026-01-01 17:55:17.092 [INFO]   83M keys, 165K ops/sec, memory: 14761 MB
2026-01-01 17:55:18.092 [INFO]   83M keys, 163K ops/sec, memory: 14790 MB
2026-01-01 17:55:19.092 [INFO]   83M keys, 162K ops/sec, memory: 14819 MB
2026-01-01 17:55:20.092 [INFO]   83M keys, 159K ops/sec, memory: 14847 MB
2026-01-01 17:55:21.092 [INFO]   83M keys, 162K ops/sec, memory: 14876 MB
2026-01-01 17:55:22.092 [INFO]   84M keys, 162K ops/sec, memory: 14905 MB
2026-01-01 17:55:23.093 [INFO]   84M keys, 160K ops/sec, memory: 14934 MB
2026-01-01 17:55:24.093 [INFO]   84M keys, 161K ops/sec, memory: 14963 MB
2026-01-01 17:55:25.093 [INFO]   84M keys, 164K ops/sec, memory: 14992 MB
2026-01-01 17:55:26.093 [INFO]   84M keys, 165K ops/sec, memory: 15021 MB
2026-01-01 17:55:27.093 [INFO]   84M keys, 165K ops/sec, memory: 15051 MB
2026-01-01 17:55:28.093 [INFO]   85M keys, 159K ops/sec, memory: 15079 MB
2026-01-01 17:55:29.093 [INFO]   85M keys, 164K ops/sec, memory: 15108 MB
2026-01-01 17:55:30.094 [INFO]   85M keys, 162K ops/sec, memory: 15137 MB
2026-01-01 17:55:31.094 [INFO]   85M keys, 162K ops/sec, memory: 15166 MB
2026-01-01 17:55:32.094 [INFO]   85M keys, 169K ops/sec, memory: 15196 MB
2026-01-01 17:55:33.094 [INFO]   85M keys, 163K ops/sec, memory: 15225 MB
2026-01-01 17:55:34.094 [INFO]   86M keys, 163K ops/sec, memory: 15254 MB
2026-01-01 17:55:35.094 [INFO]   86M keys, 165K ops/sec, memory: 15284 MB
2026-01-01 17:55:36.094 [INFO]   86M keys, 171K ops/sec, memory: 15314 MB
2026-01-01 17:55:37.095 [INFO]   86M keys, 170K ops/sec, memory: 15345 MB
2026-01-01 17:55:38.095 [INFO]   86M keys, 172K ops/sec, memory: 15375 MB
2026-01-01 17:55:39.095 [INFO]   86M keys, 172K ops/sec, memory: 15406 MB
2026-01-01 17:55:40.095 [INFO]   87M keys, 173K ops/sec, memory: 15437 MB
2026-01-01 17:55:41.095 [INFO]   87M keys, 173K ops/sec, memory: 15468 MB
2026-01-01 17:55:42.095 [INFO]   87M keys, 173K ops/sec, memory: 15499 MB
2026-01-01 17:55:43.096 [INFO]   87M keys, 172K ops/sec, memory: 15529 MB
2026-01-01 17:55:44.096 [INFO]   87M keys, 173K ops/sec, memory: 15560 MB
2026-01-01 17:55:45.096 [INFO]   88M keys, 173K ops/sec, memory: 15591 MB
2026-01-01 17:55:46.096 [INFO]   88M keys, 174K ops/sec, memory: 15622 MB
2026-01-01 17:55:47.096 [INFO]   88M keys, 174K ops/sec, memory: 15653 MB
2026-01-01 17:55:48.096 [INFO]   88M keys, 173K ops/sec, memory: 15684 MB
2026-01-01 17:55:49.096 [INFO]   88M keys, 169K ops/sec, memory: 15715 MB
2026-01-01 17:55:50.097 [INFO]   88M keys, 167K ops/sec, memory: 15744 MB
2026-01-01 17:55:51.097 [INFO]   89M keys, 168K ops/sec, memory: 15774 MB
2026-01-01 17:55:52.097 [INFO]   89M keys, 170K ops/sec, memory: 15805 MB
2026-01-01 17:55:53.097 [INFO]   89M keys, 169K ops/sec, memory: 15835 MB
2026-01-01 17:55:54.097 [INFO]   89M keys, 168K ops/sec, memory: 15865 MB
2026-01-01 17:55:55.097 [INFO]   89M keys, 168K ops/sec, memory: 15895 MB
2026-01-01 17:55:56.097 [INFO]   89M keys, 167K ops/sec, memory: 15924 MB
2026-01-01 17:55:57.098 [INFO]   90M keys, 167K ops/sec, memory: 15954 MB
2026-01-01 17:55:58.098 [INFO]   90M keys, 169K ops/sec, memory: 15985 MB
2026-01-01 17:55:59.098 [INFO]   90M keys, 167K ops/sec, memory: 16014 MB
2026-01-01 17:56:00.098 [INFO]   90M keys, 166K ops/sec, memory: 16044 MB
2026-01-01 17:56:01.098 [INFO]   90M keys, 167K ops/sec, memory: 16074 MB
2026-01-01 17:56:02.098 [INFO]   90M keys, 167K ops/sec, memory: 16104 MB
2026-01-01 17:56:03.098 [INFO]   91M keys, 167K ops/sec, memory: 16133 MB
2026-01-01 17:56:04.099 [INFO]   91M keys, 185K ops/sec, memory: 16166 MB
2026-01-01 17:56:05.099 [INFO]   91M keys, 193K ops/sec, memory: 16201 MB
2026-01-01 17:56:06.099 [INFO]   91M keys, 190K ops/sec, memory: 16235 MB
2026-01-01 17:56:07.099 [INFO]   91M keys, 191K ops/sec, memory: 16269 MB
2026-01-01 17:56:08.099 [INFO]   91M keys, 190K ops/sec, memory: 16303 MB
2026-01-01 17:56:09.099 [INFO]   92M keys, 194K ops/sec, memory: 16338 MB
2026-01-01 17:56:10.099 [INFO]   92M keys, 193K ops/sec, memory: 16372 MB
2026-01-01 17:56:11.100 [INFO]   92M keys, 190K ops/sec, memory: 16406 MB
2026-01-01 17:56:12.100 [INFO]   92M keys, 191K ops/sec, memory: 16440 MB
2026-01-01 17:56:13.100 [INFO]   92M keys, 192K ops/sec, memory: 16474 MB
2026-01-01 17:56:14.100 [INFO]   93M keys, 193K ops/sec, memory: 16509 MB
2026-01-01 17:56:15.100 [INFO]   93M keys, 190K ops/sec, memory: 16543 MB
2026-01-01 17:56:16.100 [INFO]   93M keys, 188K ops/sec, memory: 16576 MB
2026-01-01 17:56:17.100 [INFO]   93M keys, 188K ops/sec, memory: 16610 MB
2026-01-01 17:56:18.101 [INFO]   93M keys, 189K ops/sec, memory: 16644 MB
2026-01-01 17:56:19.101 [INFO]   94M keys, 185K ops/sec, memory: 16677 MB
2026-01-01 17:56:20.101 [INFO]   94M keys, 187K ops/sec, memory: 16710 MB
2026-01-01 17:56:21.101 [INFO]   94M keys, 189K ops/sec, memory: 16744 MB
2026-01-01 17:56:22.101 [INFO]   94M keys, 197K ops/sec, memory: 16779 MB
2026-01-01 17:56:23.101 [INFO]   94M keys, 209K ops/sec, memory: 16816 MB
2026-01-01 17:56:24.101 [INFO]   95M keys, 209K ops/sec, memory: 16854 MB
2026-01-01 17:56:25.101 [INFO]   95M keys, 205K ops/sec, memory: 16890 MB
2026-01-01 17:56:26.102 [INFO]   95M keys, 205K ops/sec, memory: 16927 MB
2026-01-01 17:56:27.102 [INFO]   95M keys, 206K ops/sec, memory: 16964 MB
2026-01-01 17:56:28.102 [INFO]   95M keys, 212K ops/sec, memory: 17002 MB
2026-01-01 17:56:29.102 [INFO]   96M keys, 221K ops/sec, memory: 17041 MB
2026-01-01 17:56:30.102 [INFO]   96M keys, 222K ops/sec, memory: 17081 MB
2026-01-01 17:56:31.102 [INFO]   96M keys, 221K ops/sec, memory: 17120 MB
2026-01-01 17:56:32.102 [INFO]   96M keys, 226K ops/sec, memory: 17161 MB
2026-01-01 17:56:33.103 [INFO]   97M keys, 239K ops/sec, memory: 17203 MB
2026-01-01 17:56:34.103 [INFO]   97M keys, 247K ops/sec, memory: 17248 MB
2026-01-01 17:56:35.103 [INFO]   97M keys, 249K ops/sec, memory: 17292 MB
2026-01-01 17:56:36.103 [INFO]   97M keys, 249K ops/sec, memory: 17337 MB
2026-01-01 17:56:37.103 [INFO]   98M keys, 247K ops/sec, memory: 17381 MB
2026-01-01 17:56:38.103 [INFO]   98M keys, 244K ops/sec, memory: 17424 MB
2026-01-01 17:56:39.103 [INFO]   98M keys, 244K ops/sec, memory: 17468 MB
2026-01-01 17:56:40.103 [INFO]   98M keys, 247K ops/sec, memory: 17512 MB
2026-01-01 17:56:41.103 [INFO]   99M keys, 268K ops/sec, memory: 17560 MB
2026-01-01 17:56:42.104 [INFO]   99M keys, 271K ops/sec, memory: 17608 MB
2026-01-01 17:56:43.104 [INFO]   99M keys, 286K ops/sec, memory: 17660 MB
2026-01-01 17:56:44.104 [INFO]   99M keys, 303K ops/sec, memory: 17714 MB
2026-01-01 17:56:45.104 [INFO]   100M keys, 358K ops/sec, memory: 17778 MB
2026-01-01 17:56:46.104 [INFO]   100M keys, 258K ops/sec, memory: 17824 MB
2026-01-01 17:56:46.104 [INFO] 
2026-01-01 17:56:46.104 [INFO] === Results ===
2026-01-01 17:56:46.104 [INFO] Total keys inserted: 100000000
2026-01-01 17:56:46.104 [INFO] Threads: 12
2026-01-01 17:56:46.104 [INFO] Total time: 664.83 seconds
2026-01-01 17:56:46.104 [INFO] Throughput: 150414 inserts/sec
2026-01-01 17:56:46.104 [INFO] Throughput: 0.15 M inserts/sec
2026-01-01 17:56:46.104 [INFO] Arena memory: 17823.70 MB
2026-01-01 17:56:46.104 [INFO] Bytes per entry: 186.895
2026-01-01 17:56:46.104 [INFO] 
2026-01-01 17:56:46.104 [INFO] === Verification ===
2026-01-01 17:56:46.104 [INFO] Key 0: found (value size=100)
2026-01-01 17:56:46.104 [INFO] Key 50000000: found (value size=100)
2026-01-01 17:56:46.104 [INFO] Key 99999999: found (value size=100)
