2026-01-01 11:46:00.681 [INFO] SkipList Multi-threaded Stress Test V1
2026-01-01 11:46:00.681 [INFO] ====================================
2026-01-01 11:46:00.681 [INFO] Keys to insert: 100000000
2026-01-01 11:46:00.681 [INFO] Threads: 12
2026-01-01 11:46:00.681 [INFO] Key size: 16 bytes
2026-01-01 11:46:00.681 [INFO] Value size: 100 bytes
2026-01-01 11:46:00.682 [INFO]
2026-01-01 11:46:00.682 [INFO] Inserting keys...
2026-01-01 11:46:01.682 [INFO]   0M keys, 411K ops/sec, memory: 73 MB
2026-01-01 11:46:02.682 [INFO]   1M keys, 404K ops/sec, memory: 146 MB
2026-01-01 11:46:03.682 [INFO]   1M keys, 392K ops/sec, memory: 216 MB
2026-01-01 11:46:04.682 [INFO]   2M keys, 390K ops/sec, memory: 286 MB
2026-01-01 11:46:05.682 [INFO]   2M keys, 393K ops/sec, memory: 356 MB
2026-01-01 11:46:06.682 [INFO]   2M keys, 387K ops/sec, memory: 425 MB
2026-01-01 11:46:07.682 [INFO]   3M keys, 377K ops/sec, memory: 492 MB
2026-01-01 11:46:08.682 [INFO]   3M keys, 380K ops/sec, memory: 560 MB
2026-01-01 11:46:09.683 [INFO]   4M keys, 383K ops/sec, memory: 629 MB
2026-01-01 11:46:10.683 [INFO]   4M keys, 386K ops/sec, memory: 698 MB
2026-01-01 11:46:11.683 [INFO]   4M keys, 381K ops/sec, memory: 766 MB
2026-01-01 11:46:12.683 [INFO]   5M keys, 395K ops/sec, memory: 837 MB
2026-01-01 11:46:13.683 [INFO]   5M keys, 393K ops/sec, memory: 907 MB
2026-01-01 11:46:14.683 [INFO]   5M keys, 386K ops/sec, memory: 976 MB
2026-01-01 11:46:15.683 [INFO]   6M keys, 388K ops/sec, memory: 1045 MB
2026-01-01 11:46:16.683 [INFO]   6M keys, 391K ops/sec, memory: 1115 MB
2026-01-01 11:46:17.683 [INFO]   7M keys, 386K ops/sec, memory: 1184 MB
2026-01-01 11:46:18.683 [INFO]   7M keys, 382K ops/sec, memory: 1252 MB
2026-01-01 11:46:19.683 [INFO]   7M keys, 382K ops/sec, memory: 1321 MB
2026-01-01 11:46:20.684 [INFO]   8M keys, 377K ops/sec, memory: 1388 MB
2026-01-01 11:46:21.684 [INFO]   8M keys, 374K ops/sec, memory: 1455 MB
2026-01-01 11:46:22.684 [INFO]   9M keys, 366K ops/sec, memory: 1520 MB
2026-01-01 11:46:23.684 [INFO]   9M keys, 375K ops/sec, memory: 1587 MB
2026-01-01 11:46:24.684 [INFO]   9M keys, 382K ops/sec, memory: 1656 MB
2026-01-01 11:46:25.684 [INFO]   10M keys, 387K ops/sec, memory: 1725 MB
2026-01-01 11:46:26.684 [INFO]   10M keys, 378K ops/sec, memory: 1793 MB
2026-01-01 11:46:27.684 [INFO]   10M keys, 379K ops/sec, memory: 1860 MB
2026-01-01 11:46:28.684 [INFO]   11M keys, 385K ops/sec, memory: 1929 MB
2026-01-01 11:46:29.685 [INFO]   11M keys, 383K ops/sec, memory: 1998 MB
2026-01-01 11:46:30.685 [INFO]   12M keys, 386K ops/sec, memory: 2067 MB
2026-01-01 11:46:31.685 [INFO]   12M keys, 382K ops/sec, memory: 2135 MB
2026-01-01 11:46:32.685 [INFO]   12M keys, 377K ops/sec, memory: 2202 MB
2026-01-01 11:46:33.685 [INFO]   13M keys, 379K ops/sec, memory: 2270 MB
2026-01-01 11:46:34.685 [INFO]   13M keys, 373K ops/sec, memory: 2337 MB
2026-01-01 11:46:35.685 [INFO]   13M keys, 376K ops/sec, memory: 2404 MB
2026-01-01 11:46:36.685 [INFO]   14M keys, 382K ops/sec, memory: 2472 MB
2026-01-01 11:46:37.686 [INFO]   14M keys, 374K ops/sec, memory: 2539 MB
2026-01-01 11:46:38.686 [INFO]   15M keys, 374K ops/sec, memory: 2606 MB
2026-01-01 11:46:39.686 [INFO]   15M keys, 376K ops/sec, memory: 2673 MB
2026-01-01 11:46:40.686 [INFO]   15M keys, 371K ops/sec, memory: 2740 MB
2026-01-01 11:46:41.686 [INFO]   16M keys, 361K ops/sec, memory: 2804 MB
2026-01-01 11:46:42.686 [INFO]   16M keys, 365K ops/sec, memory: 2869 MB
2026-01-01 11:46:43.686 [INFO]   16M keys, 375K ops/sec, memory: 2936 MB
2026-01-01 11:46:44.686 [INFO]   17M keys, 363K ops/sec, memory: 3001 MB
2026-01-01 11:46:45.687 [INFO]   17M keys, 374K ops/sec, memory: 3068 MB
2026-01-01 11:46:46.687 [INFO]   18M keys, 369K ops/sec, memory: 3134 MB
2026-01-01 11:46:47.687 [INFO]   18M keys, 371K ops/sec, memory: 3200 MB
2026-01-01 11:46:48.687 [INFO]   18M keys, 371K ops/sec, memory: 3267 MB
2026-01-01 11:46:49.687 [INFO]   19M keys, 373K ops/sec, memory: 3334 MB
2026-01-01 11:46:50.687 [INFO]   19M keys, 369K ops/sec, memory: 3400 MB
2026-01-01 11:46:51.687 [INFO]   19M keys, 370K ops/sec, memory: 3466 MB
2026-01-01 11:46:52.687 [INFO]   20M keys, 364K ops/sec, memory: 3531 MB
2026-01-01 11:46:53.687 [INFO]   20M keys, 376K ops/sec, memory: 3598 MB
2026-01-01 11:46:54.688 [INFO]   20M keys, 368K ops/sec, memory: 3664 MB
2026-01-01 11:46:55.688 [INFO]   21M keys, 365K ops/sec, memory: 3729 MB
2026-01-01 11:46:56.688 [INFO]   21M keys, 373K ops/sec, memory: 3796 MB
2026-01-01 11:46:57.688 [INFO]   22M keys, 378K ops/sec, memory: 3863 MB
2026-01-01 11:46:58.688 [INFO]   22M keys, 363K ops/sec, memory: 3928 MB
2026-01-01 11:46:59.688 [INFO]   22M keys, 366K ops/sec, memory: 3993 MB
2026-01-01 11:47:00.688 [INFO]   23M keys, 363K ops/sec, memory: 4058 MB
2026-01-01 11:47:01.688 [INFO]   23M keys, 362K ops/sec, memory: 4123 MB
2026-01-01 11:47:02.689 [INFO]   23M keys, 362K ops/sec, memory: 4188 MB
2026-01-01 11:47:03.689 [INFO]   24M keys, 356K ops/sec, memory: 4251 MB
2026-01-01 11:47:04.689 [INFO]   24M keys, 358K ops/sec, memory: 4315 MB
2026-01-01 11:47:05.689 [INFO]   25M keys, 362K ops/sec, memory: 4380 MB
2026-01-01 11:47:06.689 [INFO]   25M keys, 362K ops/sec, memory: 4445 MB
2026-01-01 11:47:07.689 [INFO]   25M keys, 369K ops/sec, memory: 4511 MB
2026-01-01 11:47:08.689 [INFO]   26M keys, 372K ops/sec, memory: 4577 MB
2026-01-01 11:47:09.689 [INFO]   26M keys, 370K ops/sec, memory: 4644 MB
2026-01-01 11:47:10.689 [INFO]   26M keys, 370K ops/sec, memory: 4710 MB
2026-01-01 11:47:11.690 [INFO]   27M keys, 367K ops/sec, memory: 4775 MB
2026-01-01 11:47:12.690 [INFO]   27M keys, 367K ops/sec, memory: 4841 MB
2026-01-01 11:47:13.690 [INFO]   27M keys, 366K ops/sec, memory: 4906 MB
2026-01-01 11:47:14.690 [INFO]   28M keys, 373K ops/sec, memory: 4973 MB
2026-01-01 11:47:15.690 [INFO]   28M keys, 370K ops/sec, memory: 5039 MB
2026-01-01 11:47:16.690 [INFO]   29M keys, 371K ops/sec, memory: 5105 MB
2026-01-01 11:47:17.690 [INFO]   29M keys, 363K ops/sec, memory: 5170 MB
2026-01-01 11:47:18.690 [INFO]   29M keys, 360K ops/sec, memory: 5235 MB
2026-01-01 11:47:19.690 [INFO]   30M keys, 355K ops/sec, memory: 5298 MB
2026-01-01 11:47:20.690 [INFO]   30M keys, 359K ops/sec, memory: 5362 MB
2026-01-01 11:47:21.691 [INFO]   30M keys, 356K ops/sec, memory: 5426 MB
2026-01-01 11:47:22.691 [INFO]   31M keys, 356K ops/sec, memory: 5489 MB
2026-01-01 11:47:23.691 [INFO]   31M keys, 360K ops/sec, memory: 5554 MB
2026-01-01 11:47:24.691 [INFO]   31M keys, 364K ops/sec, memory: 5619 MB
2026-01-01 11:47:25.691 [INFO]   32M keys, 362K ops/sec, memory: 5684 MB
2026-01-01 11:47:26.691 [INFO]   32M keys, 360K ops/sec, memory: 5748 MB
2026-01-01 11:47:27.691 [INFO]   33M keys, 356K ops/sec, memory: 5811 MB
2026-01-01 11:47:28.691 [INFO]   33M keys, 352K ops/sec, memory: 5874 MB
2026-01-01 11:47:29.691 [INFO]   33M keys, 352K ops/sec, memory: 5937 MB
2026-01-01 11:47:30.691 [INFO]   34M keys, 330K ops/sec, memory: 5996 MB
2026-01-01 11:47:31.691 [INFO]   34M keys, 348K ops/sec, memory: 6059 MB
2026-01-01 11:47:32.691 [INFO]   34M keys, 347K ops/sec, memory: 6121 MB
2026-01-01 11:47:33.692 [INFO]   35M keys, 350K ops/sec, memory: 6183 MB
2026-01-01 11:47:34.692 [INFO]   35M keys, 353K ops/sec, memory: 6246 MB
2026-01-01 11:47:35.692 [INFO]   35M keys, 347K ops/sec, memory: 6308 MB
2026-01-01 11:47:36.692 [INFO]   36M keys, 354K ops/sec, memory: 6372 MB
2026-01-01 11:47:37.692 [INFO]   36M keys, 362K ops/sec, memory: 6436 MB
2026-01-01 11:47:38.692 [INFO]   36M keys, 354K ops/sec, memory: 6500 MB
2026-01-01 11:47:39.692 [INFO]   37M keys, 355K ops/sec, memory: 6563 MB
2026-01-01 11:47:40.692 [INFO]   37M keys, 359K ops/sec, memory: 6627 MB
2026-01-01 11:47:41.692 [INFO]   37M keys, 362K ops/sec, memory: 6692 MB
2026-01-01 11:47:42.692 [INFO]   38M keys, 366K ops/sec, memory: 6757 MB
2026-01-01 11:47:43.692 [INFO]   38M keys, 359K ops/sec, memory: 6822 MB
2026-01-01 11:47:44.693 [INFO]   39M keys, 355K ops/sec, memory: 6885 MB
2026-01-01 11:47:45.693 [INFO]   39M keys, 360K ops/sec, memory: 6949 MB
2026-01-01 11:47:46.693 [INFO]   39M keys, 361K ops/sec, memory: 7014 MB
2026-01-01 11:47:47.693 [INFO]   40M keys, 364K ops/sec, memory: 7079 MB
2026-01-01 11:47:48.693 [INFO]   40M keys, 364K ops/sec, memory: 7144 MB
2026-01-01 11:47:49.693 [INFO]   40M keys, 357K ops/sec, memory: 7208 MB
2026-01-01 11:47:50.693 [INFO]   41M keys, 359K ops/sec, memory: 7272 MB
2026-01-01 11:47:51.693 [INFO]   41M keys, 358K ops/sec, memory: 7336 MB
2026-01-01 11:47:52.693 [INFO]   41M keys, 358K ops/sec, memory: 7400 MB
2026-01-01 11:47:53.693 [INFO]   42M keys, 362K ops/sec, memory: 7465 MB
2026-01-01 11:47:54.693 [INFO]   42M keys, 359K ops/sec, memory: 7529 MB
2026-01-01 11:47:55.693 [INFO]   42M keys, 357K ops/sec, memory: 7593 MB
2026-01-01 11:47:56.694 [INFO]   43M keys, 355K ops/sec, memory: 7656 MB
2026-01-01 11:47:57.694 [INFO]   43M keys, 357K ops/sec, memory: 7720 MB
2026-01-01 11:47:58.694 [INFO]   44M keys, 355K ops/sec, memory: 7783 MB
2026-01-01 11:47:59.694 [INFO]   44M keys, 357K ops/sec, memory: 7847 MB
2026-01-01 11:48:00.694 [INFO]   44M keys, 350K ops/sec, memory: 7910 MB
2026-01-01 11:48:01.694 [INFO]   45M keys, 347K ops/sec, memory: 7972 MB
2026-01-01 11:48:02.694 [INFO]   45M keys, 349K ops/sec, memory: 8034 MB
2026-01-01 11:48:03.694 [INFO]   45M keys, 350K ops/sec, memory: 8097 MB
2026-01-01 11:48:04.694 [INFO]   46M keys, 346K ops/sec, memory: 8159 MB
2026-01-01 11:48:05.694 [INFO]   46M keys, 349K ops/sec, memory: 8221 MB
2026-01-01 11:48:06.694 [INFO]   46M keys, 349K ops/sec, memory: 8284 MB
2026-01-01 11:48:07.694 [INFO]   47M keys, 350K ops/sec, memory: 8346 MB
2026-01-01 11:48:08.694 [INFO]   47M keys, 343K ops/sec, memory: 8407 MB
2026-01-01 11:48:09.694 [INFO]   47M keys, 341K ops/sec, memory: 8468 MB
2026-01-01 11:48:10.695 [INFO]   48M keys, 341K ops/sec, memory: 8529 MB
2026-01-01 11:48:11.695 [INFO]   48M keys, 345K ops/sec, memory: 8591 MB
2026-01-01 11:48:12.695 [INFO]   48M keys, 351K ops/sec, memory: 8654 MB
2026-01-01 11:48:13.695 [INFO]   49M keys, 349K ops/sec, memory: 8716 MB
2026-01-01 11:48:14.695 [INFO]   49M keys, 350K ops/sec, memory: 8779 MB
2026-01-01 11:48:15.695 [INFO]   49M keys, 347K ops/sec, memory: 8841 MB
2026-01-01 11:48:16.695 [INFO]   50M keys, 344K ops/sec, memory: 8902 MB
2026-01-01 11:48:17.695 [INFO]   50M keys, 344K ops/sec, memory: 8964 MB
2026-01-01 11:48:18.695 [INFO]   50M keys, 346K ops/sec, memory: 9026 MB
2026-01-01 11:48:19.695 [INFO]   51M keys, 346K ops/sec, memory: 9088 MB
2026-01-01 11:48:20.695 [INFO]   51M keys, 345K ops/sec, memory: 9149 MB
2026-01-01 11:48:21.695 [INFO]   52M keys, 347K ops/sec, memory: 9211 MB
2026-01-01 11:48:22.696 [INFO]   52M keys, 343K ops/sec, memory: 9272 MB
2026-01-01 11:48:23.696 [INFO]   52M keys, 345K ops/sec, memory: 9334 MB
2026-01-01 11:48:24.696 [INFO]   53M keys, 346K ops/sec, memory: 9396 MB
2026-01-01 11:48:25.696 [INFO]   53M keys, 338K ops/sec, memory: 9456 MB
2026-01-01 11:48:26.696 [INFO]   53M keys, 339K ops/sec, memory: 9517 MB
2026-01-01 11:48:27.696 [INFO]   54M keys, 347K ops/sec, memory: 9579 MB
2026-01-01 11:48:28.696 [INFO]   54M keys, 348K ops/sec, memory: 9641 MB
2026-01-01 11:48:29.696 [INFO]   54M keys, 344K ops/sec, memory: 9702 MB
2026-01-01 11:48:30.696 [INFO]   55M keys, 347K ops/sec, memory: 9765 MB
2026-01-01 11:48:31.696 [INFO]   55M keys, 346K ops/sec, memory: 9826 MB
2026-01-01 11:48:32.696 [INFO]   55M keys, 341K ops/sec, memory: 9887 MB
2026-01-01 11:48:33.696 [INFO]   56M keys, 338K ops/sec, memory: 9948 MB
2026-01-01 11:48:34.696 [INFO]   56M keys, 340K ops/sec, memory: 10009 MB
2026-01-01 11:48:35.697 [INFO]   56M keys, 341K ops/sec, memory: 10070 MB
2026-01-01 11:48:36.697 [INFO]   57M keys, 344K ops/sec, memory: 10131 MB
2026-01-01 11:48:37.697 [INFO]   57M keys, 340K ops/sec, memory: 10192 MB
2026-01-01 11:48:38.697 [INFO]   57M keys, 344K ops/sec, memory: 10253 MB
2026-01-01 11:48:39.697 [INFO]   58M keys, 339K ops/sec, memory: 10314 MB
2026-01-01 11:48:40.697 [INFO]   58M keys, 342K ops/sec, memory: 10375 MB
2026-01-01 11:48:41.697 [INFO]   58M keys, 338K ops/sec, memory: 10435 MB
2026-01-01 11:48:42.697 [INFO]   59M keys, 337K ops/sec, memory: 10496 MB
2026-01-01 11:48:43.697 [INFO]   59M keys, 336K ops/sec, memory: 10556 MB
2026-01-01 11:48:44.697 [INFO]   59M keys, 339K ops/sec, memory: 10616 MB
2026-01-01 11:48:45.697 [INFO]   60M keys, 339K ops/sec, memory: 10677 MB
2026-01-01 11:48:46.698 [INFO]   60M keys, 334K ops/sec, memory: 10737 MB
2026-01-01 11:48:47.698 [INFO]   60M keys, 334K ops/sec, memory: 10796 MB
2026-01-01 11:48:48.698 [INFO]   61M keys, 338K ops/sec, memory: 10857 MB
2026-01-01 11:48:49.698 [INFO]   61M keys, 336K ops/sec, memory: 10917 MB
2026-01-01 11:48:50.698 [INFO]   61M keys, 339K ops/sec, memory: 10978 MB
2026-01-01 11:48:51.698 [INFO]   62M keys, 336K ops/sec, memory: 11038 MB
2026-01-01 11:48:52.698 [INFO]   62M keys, 337K ops/sec, memory: 11098 MB
2026-01-01 11:48:53.698 [INFO]   62M keys, 341K ops/sec, memory: 11159 MB
2026-01-01 11:48:54.698 [INFO]   63M keys, 335K ops/sec, memory: 11219 MB
2026-01-01 11:48:55.698 [INFO]   63M keys, 337K ops/sec, memory: 11279 MB
2026-01-01 11:48:56.699 [INFO]   63M keys, 331K ops/sec, memory: 11338 MB
2026-01-01 11:48:57.699 [INFO]   64M keys, 337K ops/sec, memory: 11398 MB
2026-01-01 11:48:58.699 [INFO]   64M keys, 336K ops/sec, memory: 11458 MB
2026-01-01 11:48:59.699 [INFO]   64M keys, 337K ops/sec, memory: 11518 MB
2026-01-01 11:49:00.699 [INFO]   65M keys, 333K ops/sec, memory: 11578 MB
2026-01-01 11:49:01.699 [INFO]   65M keys, 332K ops/sec, memory: 11637 MB
2026-01-01 11:49:02.699 [INFO]   65M keys, 337K ops/sec, memory: 11698 MB
2026-01-01 11:49:03.699 [INFO]   66M keys, 337K ops/sec, memory: 11758 MB
2026-01-01 11:49:04.700 [INFO]   66M keys, 335K ops/sec, memory: 11818 MB
2026-01-01 11:49:05.700 [INFO]   66M keys, 337K ops/sec, memory: 11878 MB
2026-01-01 11:49:06.700 [INFO]   67M keys, 306K ops/sec, memory: 11933 MB
2026-01-01 11:49:07.700 [INFO]   67M keys, 322K ops/sec, memory: 11990 MB
2026-01-01 11:49:08.700 [INFO]   67M keys, 336K ops/sec, memory: 12050 MB
2026-01-01 11:49:09.700 [INFO]   68M keys, 333K ops/sec, memory: 12110 MB
2026-01-01 11:49:10.700 [INFO]   68M keys, 334K ops/sec, memory: 12170 MB
2026-01-01 11:49:11.700 [INFO]   68M keys, 338K ops/sec, memory: 12230 MB
2026-01-01 11:49:12.700 [INFO]   69M keys, 335K ops/sec, memory: 12290 MB
2026-01-01 11:49:13.701 [INFO]   69M keys, 340K ops/sec, memory: 12351 MB
2026-01-01 11:49:14.701 [INFO]   69M keys, 344K ops/sec, memory: 12412 MB
2026-01-01 11:49:15.701 [INFO]   70M keys, 339K ops/sec, memory: 12473 MB
2026-01-01 11:49:16.701 [INFO]   70M keys, 340K ops/sec, memory: 12534 MB
2026-01-01 11:49:17.701 [INFO]   70M keys, 335K ops/sec, memory: 12593 MB
2026-01-01 11:49:18.701 [INFO]   71M keys, 330K ops/sec, memory: 12653 MB
2026-01-01 11:49:19.701 [INFO]   71M keys, 333K ops/sec, memory: 12712 MB
2026-01-01 11:49:20.701 [INFO]   71M keys, 337K ops/sec, memory: 12772 MB
2026-01-01 11:49:21.702 [INFO]   72M keys, 335K ops/sec, memory: 12832 MB
2026-01-01 11:49:22.702 [INFO]   72M keys, 332K ops/sec, memory: 12891 MB
2026-01-01 11:49:23.702 [INFO]   72M keys, 336K ops/sec, memory: 12952 MB
2026-01-01 11:49:24.702 [INFO]   73M keys, 335K ops/sec, memory: 13012 MB
2026-01-01 11:49:25.702 [INFO]   73M keys, 334K ops/sec, memory: 13071 MB
2026-01-01 11:49:26.702 [INFO]   73M keys, 333K ops/sec, memory: 13131 MB
2026-01-01 11:49:27.702 [INFO]   74M keys, 329K ops/sec, memory: 13190 MB
2026-01-01 11:49:28.702 [INFO]   74M keys, 332K ops/sec, memory: 13249 MB
2026-01-01 11:49:29.702 [INFO]   74M keys, 330K ops/sec, memory: 13308 MB
2026-01-01 11:49:30.703 [INFO]   75M keys, 336K ops/sec, memory: 13368 MB
2026-01-01 11:49:31.703 [INFO]   75M keys, 330K ops/sec, memory: 13427 MB
2026-01-01 11:49:32.703 [INFO]   75M keys, 322K ops/sec, memory: 13485 MB
2026-01-01 11:49:33.703 [INFO]   76M keys, 327K ops/sec, memory: 13543 MB
2026-01-01 11:49:34.703 [INFO]   76M keys, 329K ops/sec, memory: 13602 MB
2026-01-01 11:49:35.703 [INFO]   76M keys, 333K ops/sec, memory: 13662 MB
2026-01-01 11:49:36.703 [INFO]   77M keys, 328K ops/sec, memory: 13720 MB
2026-01-01 11:49:37.703 [INFO]   77M keys, 324K ops/sec, memory: 13778 MB
2026-01-01 11:49:38.704 [INFO]   77M keys, 323K ops/sec, memory: 13836 MB
2026-01-01 11:49:39.704 [INFO]   78M keys, 318K ops/sec, memory: 13893 MB
2026-01-01 11:49:40.704 [INFO]   78M keys, 325K ops/sec, memory: 13951 MB
2026-01-01 11:49:41.704 [INFO]   78M keys, 330K ops/sec, memory: 14010 MB
2026-01-01 11:49:42.704 [INFO]   79M keys, 327K ops/sec, memory: 14068 MB
2026-01-01 11:49:43.704 [INFO]   79M keys, 328K ops/sec, memory: 14127 MB
2026-01-01 11:49:44.704 [INFO]   79M keys, 330K ops/sec, memory: 14186 MB
2026-01-01 11:49:45.704 [INFO]   80M keys, 325K ops/sec, memory: 14244 MB
2026-01-01 11:49:46.704 [INFO]   80M keys, 326K ops/sec, memory: 14302 MB
2026-01-01 11:49:47.705 [INFO]   80M keys, 332K ops/sec, memory: 14361 MB
2026-01-01 11:49:48.705 [INFO]   81M keys, 326K ops/sec, memory: 14420 MB
2026-01-01 11:49:49.705 [INFO]   81M keys, 327K ops/sec, memory: 14478 MB
2026-01-01 11:49:50.705 [INFO]   81M keys, 326K ops/sec, memory: 14536 MB
2026-01-01 11:49:51.705 [INFO]   82M keys, 332K ops/sec, memory: 14596 MB
2026-01-01 11:49:52.705 [INFO]   82M keys, 325K ops/sec, memory: 14654 MB
2026-01-01 11:49:53.705 [INFO]   82M keys, 325K ops/sec, memory: 14712 MB
2026-01-01 11:49:54.705 [INFO]   83M keys, 326K ops/sec, memory: 14770 MB
2026-01-01 11:49:55.706 [INFO]   83M keys, 322K ops/sec, memory: 14828 MB
2026-01-01 11:49:56.706 [INFO]   83M keys, 319K ops/sec, memory: 14885 MB
2026-01-01 11:49:57.706 [INFO]   84M keys, 318K ops/sec, memory: 14942 MB
2026-01-01 11:49:58.706 [INFO]   84M keys, 319K ops/sec, memory: 14999 MB
2026-01-01 11:49:59.706 [INFO]   84M keys, 323K ops/sec, memory: 15057 MB
2026-01-01 11:50:00.706 [INFO]   85M keys, 318K ops/sec, memory: 15113 MB
2026-01-01 11:50:01.706 [INFO]   85M keys, 314K ops/sec, memory: 15170 MB
2026-01-01 11:50:02.706 [INFO]   85M keys, 320K ops/sec, memory: 15227 MB
2026-01-01 11:50:03.707 [INFO]   86M keys, 330K ops/sec, memory: 15286 MB
2026-01-01 11:50:04.707 [INFO]   86M keys, 333K ops/sec, memory: 15345 MB
2026-01-01 11:50:05.707 [INFO]   86M keys, 328K ops/sec, memory: 15404 MB
2026-01-01 11:50:06.707 [INFO]   87M keys, 326K ops/sec, memory: 15462 MB
2026-01-01 11:50:07.707 [INFO]   87M keys, 323K ops/sec, memory: 15520 MB
2026-01-01 11:50:08.707 [INFO]   87M keys, 330K ops/sec, memory: 15579 MB
2026-01-01 11:50:09.707 [INFO]   87M keys, 329K ops/sec, memory: 15638 MB
2026-01-01 11:50:10.707 [INFO]   88M keys, 329K ops/sec, memory: 15697 MB
2026-01-01 11:50:11.707 [INFO]   88M keys, 324K ops/sec, memory: 15755 MB
2026-01-01 11:50:12.707 [INFO]   88M keys, 329K ops/sec, memory: 15813 MB
2026-01-01 11:50:13.708 [INFO]   89M keys, 331K ops/sec, memory: 15872 MB
2026-01-01 11:50:14.708 [INFO]   89M keys, 329K ops/sec, memory: 15931 MB
2026-01-01 11:50:15.708 [INFO]   89M keys, 330K ops/sec, memory: 15990 MB
2026-01-01 11:50:16.708 [INFO]   90M keys, 331K ops/sec, memory: 16049 MB
2026-01-01 11:50:17.708 [INFO]   90M keys, 344K ops/sec, memory: 16111 MB
2026-01-01 11:50:18.708 [INFO]   90M keys, 340K ops/sec, memory: 16172 MB
2026-01-01 11:50:19.708 [INFO]   91M keys, 350K ops/sec, memory: 16234 MB
2026-01-01 11:50:20.708 [INFO]   91M keys, 339K ops/sec, memory: 16295 MB
2026-01-01 11:50:21.708 [INFO]   92M keys, 341K ops/sec, memory: 16356 MB
2026-01-01 11:50:22.709 [INFO]   92M keys, 343K ops/sec, memory: 16417 MB
2026-01-01 11:50:23.709 [INFO]   92M keys, 343K ops/sec, memory: 16479 MB
2026-01-01 11:50:24.709 [INFO]   93M keys, 345K ops/sec, memory: 16540 MB
2026-01-01 11:50:25.709 [INFO]   93M keys, 343K ops/sec, memory: 16602 MB
2026-01-01 11:50:26.709 [INFO]   93M keys, 349K ops/sec, memory: 16664 MB
2026-01-01 11:50:27.709 [INFO]   94M keys, 348K ops/sec, memory: 16726 MB
2026-01-01 11:50:28.709 [INFO]   94M keys, 343K ops/sec, memory: 16787 MB
2026-01-01 11:50:29.709 [INFO]   94M keys, 343K ops/sec, memory: 16849 MB
2026-01-01 11:50:30.709 [INFO]   95M keys, 344K ops/sec, memory: 16910 MB
2026-01-01 11:50:31.709 [INFO]   95M keys, 354K ops/sec, memory: 16973 MB
2026-01-01 11:50:32.710 [INFO]   95M keys, 354K ops/sec, memory: 17037 MB
2026-01-01 11:50:33.710 [INFO]   96M keys, 354K ops/sec, memory: 17100 MB
2026-01-01 11:50:34.710 [INFO]   96M keys, 358K ops/sec, memory: 17164 MB
2026-01-01 11:50:35.710 [INFO]   96M keys, 352K ops/sec, memory: 17227 MB
2026-01-01 11:50:36.710 [INFO]   97M keys, 349K ops/sec, memory: 17289 MB
2026-01-01 11:50:37.710 [INFO]   97M keys, 353K ops/sec, memory: 17352 MB
2026-01-01 11:50:38.710 [INFO]   97M keys, 354K ops/sec, memory: 17416 MB
2026-01-01 11:50:39.710 [INFO]   98M keys, 354K ops/sec, memory: 17479 MB
2026-01-01 11:50:40.711 [INFO]   98M keys, 353K ops/sec, memory: 17542 MB
2026-01-01 11:50:41.711 [INFO]   98M keys, 349K ops/sec, memory: 17605 MB
2026-01-01 11:50:42.711 [INFO]   99M keys, 354K ops/sec, memory: 17668 MB
2026-01-01 11:50:43.711 [INFO]   99M keys, 364K ops/sec, memory: 17733 MB
2026-01-01 11:50:44.711 [INFO]   100M keys, 366K ops/sec, memory: 17798 MB
2026-01-01 11:50:45.711 [INFO]   100M keys, 408K ops/sec, memory: 17871 MB
2026-01-01 11:50:46.711 [INFO]   100M keys, 15K ops/sec, memory: 17874 MB
2026-01-01 11:50:46.711 [INFO]
2026-01-01 11:50:46.711 [INFO] === Results ===
2026-01-01 11:50:46.711 [INFO] Total keys inserted: 100000000
2026-01-01 11:50:46.711 [INFO] Threads: 12
2026-01-01 11:50:46.711 [INFO] Total time: 285.06 seconds
2026-01-01 11:50:46.711 [INFO] Throughput: 350800 inserts/sec
2026-01-01 11:50:46.711 [INFO] Throughput: 0.35 M inserts/sec
2026-01-01 11:50:46.711 [INFO] Arena memory: 17873.75 MB
2026-01-01 11:50:46.711 [INFO] Bytes per entry: 187.42
2026-01-01 11:50:46.711 [INFO]
2026-01-01 11:50:46.711 [INFO] === Verification ===
2026-01-01 11:50:46.711 [INFO] Key 0: found (value size=100)
2026-01-01 11:50:46.711 [INFO] Key 50000000: found (value size=100)
2026-01-01 11:50:46.711 [INFO] Key 99999999: found (value size=100)
